0:0:0:0:0:0:0:1 - - [07/Jan/2016:08:00:03 +0530] "GET /helloapp/helloworld.jag HTTP/1.1" 200 - "-" "Mozilla/5.0 (X11; Linux x86_64) AppleWebKit/537.36 (KHTML, like Gecko) Ubuntu Chromium/47.0.2526.73 Chrome/47.0.2526.73 Safari/537.36"
0:0:0:0:0:0:0:1 - - [07/Jan/2016:08:04:18 +0530] "GET /helloapp/helloworld.jag HTTP/1.1" 200 - "-" "Mozilla/5.0 (X11; Linux x86_64) AppleWebKit/537.36 (KHTML, like Gecko) Ubuntu Chromium/47.0.2526.73 Chrome/47.0.2526.73 Safari/537.36"
0:0:0:0:0:0:0:1 - - [07/Jan/2016:08:04:22 +0530] "GET /swagger HTTP/1.1" 302 - "-" "Mozilla/5.0 (X11; Linux x86_64) AppleWebKit/537.36 (KHTML, like Gecko) Ubuntu Chromium/47.0.2526.73 Chrome/47.0.2526.73 Safari/537.36"
0:0:0:0:0:0:0:1 - - [07/Jan/2016:08:04:22 +0530] "GET /swagger/ HTTP/1.1" 200 20 "-" "Mozilla/5.0 (X11; Linux x86_64) AppleWebKit/537.36 (KHTML, like Gecko) Ubuntu Chromium/47.0.2526.73 Chrome/47.0.2526.73 Safari/537.36"
0:0:0:0:0:0:0:1 - - [07/Jan/2016:08:04:56 +0530] "GET /swagger/ HTTP/1.1" 200 22 "-" "Mozilla/5.0 (X11; Linux x86_64) AppleWebKit/537.36 (KHTML, like Gecko) Ubuntu Chromium/47.0.2526.73 Chrome/47.0.2526.73 Safari/537.36"
0:0:0:0:0:0:0:1 - - [07/Jan/2016:08:05:13 +0530] "GET / HTTP/1.1" 200 2939 "-" "Mozilla/5.0 (X11; Linux x86_64) AppleWebKit/537.36 (KHTML, like Gecko) Ubuntu Chromium/47.0.2526.73 Chrome/47.0.2526.73 Safari/537.36"
0:0:0:0:0:0:0:1 - - [07/Jan/2016:08:05:13 +0530] "GET /images/topbar_logo.png HTTP/1.1" 200 1936 "http://localhost:9763/" "Mozilla/5.0 (X11; Linux x86_64) AppleWebKit/537.36 (KHTML, like Gecko) Ubuntu Chromium/47.0.2526.73 Chrome/47.0.2526.73 Safari/537.36"
0:0:0:0:0:0:0:1 - - [07/Jan/2016:08:05:13 +0530] "GET /css/prettify.css HTTP/1.1" 200 1949 "http://localhost:9763/" "Mozilla/5.0 (X11; Linux x86_64) AppleWebKit/537.36 (KHTML, like Gecko) Ubuntu Chromium/47.0.2526.73 Chrome/47.0.2526.73 Safari/537.36"
0:0:0:0:0:0:0:1 - - [07/Jan/2016:08:05:13 +0530] "GET /tryitframe.jag?code=%26lt%3Bhtml%26gt%3B%20%0A%20%20%26lt%3Bbody%26gt%3B%20%0A%20%26lt%3Bh1%26gt%3B%20%0A%20%26lt%25%20%0A%20var%20name%20%3D%20%22Jaggery%22%3B%20%0A%20print(%22Hello%20%22%20%2B%20name)%3B%20%0A%20%25%26gt%20%0A%20%26lt%3B%2Fh1%26gt%3B%20%0A%20%26lt%3B%2Fbody%26gt%3B%20%0A%20%26lt%3B%2Fhtml%26gt%3B HTTP/1.1" 200 1493 "http://localhost:9763/" "Mozilla/5.0 (X11; Linux x86_64) AppleWebKit/537.36 (KHTML, like Gecko) Ubuntu Chromium/47.0.2526.73 Chrome/47.0.2526.73 Safari/537.36"
0:0:0:0:0:0:0:1 - - [07/Jan/2016:08:05:13 +0530] "GET /images/jaglogo.png HTTP/1.1" 200 7634 "http://localhost:9763/" "Mozilla/5.0 (X11; Linux x86_64) AppleWebKit/537.36 (KHTML, like Gecko) Ubuntu Chromium/47.0.2526.73 Chrome/47.0.2526.73 Safari/537.36"
0:0:0:0:0:0:0:1 - - [07/Jan/2016:08:05:13 +0530] "GET /images/icon-docs.png HTTP/1.1" 200 673 "http://localhost:9763/" "Mozilla/5.0 (X11; Linux x86_64) AppleWebKit/537.36 (KHTML, like Gecko) Ubuntu Chromium/47.0.2526.73 Chrome/47.0.2526.73 Safari/537.36"
0:0:0:0:0:0:0:1 - - [07/Jan/2016:08:05:13 +0530] "GET /images/icon-howto.png HTTP/1.1" 200 665 "http://localhost:9763/" "Mozilla/5.0 (X11; Linux x86_64) AppleWebKit/537.36 (KHTML, like Gecko) Ubuntu Chromium/47.0.2526.73 Chrome/47.0.2526.73 Safari/537.36"
0:0:0:0:0:0:0:1 - - [07/Jan/2016:08:05:13 +0530] "GET /css/simple-hint.css HTTP/1.1" 200 368 "http://localhost:9763/tryitframe.jag?code=%26lt%3Bhtml%26gt%3B%20%0A%20%20%26lt%3Bbody%26gt%3B%20%0A%20%26lt%3Bh1%26gt%3B%20%0A%20%26lt%25%20%0A%20var%20name%20%3D%20%22Jaggery%22%3B%20%0A%20print(%22Hello%20%22%20%2B%20name)%3B%20%0A%20%25%26gt%20%0A%20%26lt%3B%2Fh1%26gt%3B%20%0A%20%26lt%3B%2Fbody%26gt%3B%20%0A%20%26lt%3B%2Fhtml%26gt%3B" "Mozilla/5.0 (X11; Linux x86_64) AppleWebKit/537.36 (KHTML, like Gecko) Ubuntu Chromium/47.0.2526.73 Chrome/47.0.2526.73 Safari/537.36"
0:0:0:0:0:0:0:1 - - [07/Jan/2016:08:05:13 +0530] "GET /images/icon-try.png HTTP/1.1" 200 1883 "http://localhost:9763/" "Mozilla/5.0 (X11; Linux x86_64) AppleWebKit/537.36 (KHTML, like Gecko) Ubuntu Chromium/47.0.2526.73 Chrome/47.0.2526.73 Safari/537.36"
0:0:0:0:0:0:0:1 - - [07/Jan/2016:08:05:13 +0530] "GET /js/util.js HTTP/1.1" 200 514 "http://localhost:9763/tryitframe.jag?code=%26lt%3Bhtml%26gt%3B%20%0A%20%20%26lt%3Bbody%26gt%3B%20%0A%20%26lt%3Bh1%26gt%3B%20%0A%20%26lt%25%20%0A%20var%20name%20%3D%20%22Jaggery%22%3B%20%0A%20print(%22Hello%20%22%20%2B%20name)%3B%20%0A%20%25%26gt%20%0A%20%26lt%3B%2Fh1%26gt%3B%20%0A%20%26lt%3B%2Fbody%26gt%3B%20%0A%20%26lt%3B%2Fhtml%26gt%3B" "Mozilla/5.0 (X11; Linux x86_64) AppleWebKit/537.36 (KHTML, like Gecko) Ubuntu Chromium/47.0.2526.73 Chrome/47.0.2526.73 Safari/537.36"
0:0:0:0:0:0:0:1 - - [07/Jan/2016:08:05:13 +0530] "GET /images/icon-apache.png HTTP/1.1" 200 2573 "http://localhost:9763/" "Mozilla/5.0 (X11; Linux x86_64) AppleWebKit/537.36 (KHTML, like Gecko) Ubuntu Chromium/47.0.2526.73 Chrome/47.0.2526.73 Safari/537.36"
0:0:0:0:0:0:0:1 - - [07/Jan/2016:08:05:13 +0530] "GET /js/tryit.jag HTTP/1.1" 200 615 "http://localhost:9763/tryitframe.jag?code=%26lt%3Bhtml%26gt%3B%20%0A%20%20%26lt%3Bbody%26gt%3B%20%0A%20%26lt%3Bh1%26gt%3B%20%0A%20%26lt%25%20%0A%20var%20name%20%3D%20%22Jaggery%22%3B%20%0A%20print(%22Hello%20%22%20%2B%20name)%3B%20%0A%20%25%26gt%20%0A%20%26lt%3B%2Fh1%26gt%3B%20%0A%20%26lt%3B%2Fbody%26gt%3B%20%0A%20%26lt%3B%2Fhtml%26gt%3B" "Mozilla/5.0 (X11; Linux x86_64) AppleWebKit/537.36 (KHTML, like Gecko) Ubuntu Chromium/47.0.2526.73 Chrome/47.0.2526.73 Safari/537.36"
0:0:0:0:0:0:0:1 - - [07/Jan/2016:08:05:14 +0530] "GET /images/bg.png HTTP/1.1" 200 236542 "http://localhost:9763/css/bootstrap.css" "Mozilla/5.0 (X11; Linux x86_64) AppleWebKit/537.36 (KHTML, like Gecko) Ubuntu Chromium/47.0.2526.73 Chrome/47.0.2526.73 Safari/537.36"
0:0:0:0:0:0:0:1 - - [07/Jan/2016:08:05:14 +0530] "GET /images/label-forkme.png HTTP/1.1" 200 2750 "http://localhost:9763/css/bootstrap.css" "Mozilla/5.0 (X11; Linux x86_64) AppleWebKit/537.36 (KHTML, like Gecko) Ubuntu Chromium/47.0.2526.73 Chrome/47.0.2526.73 Safari/537.36"
0:0:0:0:0:0:0:1 - - [07/Jan/2016:08:05:14 +0530] "GET /images/wso2.png HTTP/1.1" 200 3000 "http://localhost:9763/css/bootstrap.css" "Mozilla/5.0 (X11; Linux x86_64) AppleWebKit/537.36 (KHTML, like Gecko) Ubuntu Chromium/47.0.2526.73 Chrome/47.0.2526.73 Safari/537.36"
0:0:0:0:0:0:0:1 - - [07/Jan/2016:08:05:14 +0530] "GET /images/favicon.ico HTTP/1.1" 404 2017 "http://localhost:9763/" "Mozilla/5.0 (X11; Linux x86_64) AppleWebKit/537.36 (KHTML, like Gecko) Ubuntu Chromium/47.0.2526.73 Chrome/47.0.2526.73 Safari/537.36"
0:0:0:0:0:0:0:1 - - [07/Jan/2016:08:05:19 +0530] "GET /documentation.jag HTTP/1.1" 200 2471 "http://localhost:9763/" "Mozilla/5.0 (X11; Linux x86_64) AppleWebKit/537.36 (KHTML, like Gecko) Ubuntu Chromium/47.0.2526.73 Chrome/47.0.2526.73 Safari/537.36"
0:0:0:0:0:0:0:1 - - [07/Jan/2016:08:05:19 +0530] "GET /images/bugtrack_ico.png HTTP/1.1" 200 2871 "http://localhost:9763/documentation.jag" "Mozilla/5.0 (X11; Linux x86_64) AppleWebKit/537.36 (KHTML, like Gecko) Ubuntu Chromium/47.0.2526.73 Chrome/47.0.2526.73 Safari/537.36"
0:0:0:0:0:0:0:1 - - [07/Jan/2016:08:05:19 +0530] "GET /images/source_code_ico.png HTTP/1.1" 200 4448 "http://localhost:9763/documentation.jag" "Mozilla/5.0 (X11; Linux x86_64) AppleWebKit/537.36 (KHTML, like Gecko) Ubuntu Chromium/47.0.2526.73 Chrome/47.0.2526.73 Safari/537.36"
0:0:0:0:0:0:0:1 - - [07/Jan/2016:08:05:19 +0530] "GET /images/mail-list.png HTTP/1.1" 200 1539 "http://localhost:9763/documentation.jag" "Mozilla/5.0 (X11; Linux x86_64) AppleWebKit/537.36 (KHTML, like Gecko) Ubuntu Chromium/47.0.2526.73 Chrome/47.0.2526.73 Safari/537.36"
0:0:0:0:0:0:0:1 - - [07/Jan/2016:08:05:19 +0530] "GET /images/bullet-point.png HTTP/1.1" 200 833 "http://localhost:9763/css/bootstrap.css" "Mozilla/5.0 (X11; Linux x86_64) AppleWebKit/537.36 (KHTML, like Gecko) Ubuntu Chromium/47.0.2526.73 Chrome/47.0.2526.73 Safari/537.36"
0:0:0:0:0:0:0:1 - - [07/Jan/2016:08:05:19 +0530] "GET /images/play.gif HTTP/1.1" 200 162 "http://localhost:9763/css/bootstrap.css" "Mozilla/5.0 (X11; Linux x86_64) AppleWebKit/537.36 (KHTML, like Gecko) Ubuntu Chromium/47.0.2526.73 Chrome/47.0.2526.73 Safari/537.36"
0:0:0:0:0:0:0:1 - - [07/Jan/2016:08:06:03 +0530] "GET /swagger/ HTTP/1.1" 200 89 "-" "Mozilla/5.0 (X11; Linux x86_64) AppleWebKit/537.36 (KHTML, like Gecko) Ubuntu Chromium/47.0.2526.73 Chrome/47.0.2526.73 Safari/537.36"
0:0:0:0:0:0:0:1 - - [07/Jan/2016:08:07:51 +0530] "GET /swagger/ HTTP/1.1" 200 120 "-" "Mozilla/5.0 (X11; Linux x86_64) AppleWebKit/537.36 (KHTML, like Gecko) Ubuntu Chromium/47.0.2526.73 Chrome/47.0.2526.73 Safari/537.36"
0:0:0:0:0:0:0:1 - - [07/Jan/2016:08:08:05 +0530] "GET /swagger/ HTTP/1.1" 200 118 "-" "Mozilla/5.0 (X11; Linux x86_64) AppleWebKit/537.36 (KHTML, like Gecko) Ubuntu Chromium/47.0.2526.73 Chrome/47.0.2526.73 Safari/537.36"
0:0:0:0:0:0:0:1 - - [07/Jan/2016:08:08:06 +0530] "POST /swagger/ HTTP/1.1" 200 118 "http://localhost:9763/swagger/" "Mozilla/5.0 (X11; Linux x86_64) AppleWebKit/537.36 (KHTML, like Gecko) Ubuntu Chromium/47.0.2526.73 Chrome/47.0.2526.73 Safari/537.36"
0:0:0:0:0:0:0:1 - - [07/Jan/2016:08:08:07 +0530] "POST /swagger/ HTTP/1.1" 200 118 "http://localhost:9763/swagger/" "Mozilla/5.0 (X11; Linux x86_64) AppleWebKit/537.36 (KHTML, like Gecko) Ubuntu Chromium/47.0.2526.73 Chrome/47.0.2526.73 Safari/537.36"
0:0:0:0:0:0:0:1 - - [07/Jan/2016:08:08:40 +0530] "GET /swagger/ HTTP/1.1" 200 102 "-" "Mozilla/5.0 (X11; Linux x86_64) AppleWebKit/537.36 (KHTML, like Gecko) Ubuntu Chromium/47.0.2526.73 Chrome/47.0.2526.73 Safari/537.36"
0:0:0:0:0:0:0:1 - - [07/Jan/2016:08:08:42 +0530] "POST /swagger/ HTTP/1.1" 200 118 "http://localhost:9763/swagger/" "Mozilla/5.0 (X11; Linux x86_64) AppleWebKit/537.36 (KHTML, like Gecko) Ubuntu Chromium/47.0.2526.73 Chrome/47.0.2526.73 Safari/537.36"
0:0:0:0:0:0:0:1 - - [07/Jan/2016:08:08:43 +0530] "POST /swagger/ HTTP/1.1" 200 118 "http://localhost:9763/swagger/" "Mozilla/5.0 (X11; Linux x86_64) AppleWebKit/537.36 (KHTML, like Gecko) Ubuntu Chromium/47.0.2526.73 Chrome/47.0.2526.73 Safari/537.36"
0:0:0:0:0:0:0:1 - - [07/Jan/2016:08:09:26 +0530] "GET /swagger/ HTTP/1.1" 200 72 "-" "Mozilla/5.0 (X11; Linux x86_64) AppleWebKit/537.36 (KHTML, like Gecko) Ubuntu Chromium/47.0.2526.73 Chrome/47.0.2526.73 Safari/537.36"
0:0:0:0:0:0:0:1 - - [07/Jan/2016:08:09:30 +0530] "POST /swagger/ HTTP/1.1" 200 92 "http://localhost:9763/swagger/" "Mozilla/5.0 (X11; Linux x86_64) AppleWebKit/537.36 (KHTML, like Gecko) Ubuntu Chromium/47.0.2526.73 Chrome/47.0.2526.73 Safari/537.36"
0:0:0:0:0:0:0:1 - - [07/Jan/2016:08:10:09 +0530] "GET /swagger/ HTTP/1.1" 200 72 "-" "Mozilla/5.0 (X11; Linux x86_64) AppleWebKit/537.36 (KHTML, like Gecko) Ubuntu Chromium/47.0.2526.73 Chrome/47.0.2526.73 Safari/537.36"
0:0:0:0:0:0:0:1 - - [07/Jan/2016:08:10:13 +0530] "POST /swagger/ HTTP/1.1" 200 101 "http://localhost:9763/swagger/" "Mozilla/5.0 (X11; Linux x86_64) AppleWebKit/537.36 (KHTML, like Gecko) Ubuntu Chromium/47.0.2526.73 Chrome/47.0.2526.73 Safari/537.36"
0:0:0:0:0:0:0:1 - - [07/Jan/2016:08:10:28 +0530] "GET /swagger/ HTTP/1.1" 200 72 "-" "Mozilla/5.0 (X11; Linux x86_64) AppleWebKit/537.36 (KHTML, like Gecko) Ubuntu Chromium/47.0.2526.73 Chrome/47.0.2526.73 Safari/537.36"
0:0:0:0:0:0:0:1 - - [07/Jan/2016:08:10:32 +0530] "POST /swagger/ HTTP/1.1" 200 85 "http://localhost:9763/swagger/" "Mozilla/5.0 (X11; Linux x86_64) AppleWebKit/537.36 (KHTML, like Gecko) Ubuntu Chromium/47.0.2526.73 Chrome/47.0.2526.73 Safari/537.36"
0:0:0:0:0:0:0:1 - - [07/Jan/2016:08:10:42 +0530] "GET /swagger/ HTTP/1.1" 200 72 "-" "Mozilla/5.0 (X11; Linux x86_64) AppleWebKit/537.36 (KHTML, like Gecko) Ubuntu Chromium/47.0.2526.73 Chrome/47.0.2526.73 Safari/537.36"
0:0:0:0:0:0:0:1 - - [07/Jan/2016:09:13:46 +0530] "POST /swagger/ HTTP/1.1" 200 85 "http://localhost:9763/swagger/" "Mozilla/5.0 (X11; Linux x86_64) AppleWebKit/537.36 (KHTML, like Gecko) Ubuntu Chromium/47.0.2526.73 Chrome/47.0.2526.73 Safari/537.36"
0:0:0:0:0:0:0:1 - - [07/Jan/2016:09:13:57 +0530] "GET /swagger/ HTTP/1.1" 200 72 "-" "Mozilla/5.0 (X11; Linux x86_64) AppleWebKit/537.36 (KHTML, like Gecko) Ubuntu Chromium/47.0.2526.73 Chrome/47.0.2526.73 Safari/537.36"
0:0:0:0:0:0:0:1 - - [07/Jan/2016:09:18:40 +0530] "GET /swagger/ HTTP/1.1" 200 72 "-" "Mozilla/5.0 (X11; Linux x86_64) AppleWebKit/537.36 (KHTML, like Gecko) Ubuntu Chromium/47.0.2526.73 Chrome/47.0.2526.73 Safari/537.36"
0:0:0:0:0:0:0:1 - - [07/Jan/2016:09:18:44 +0530] "POST /swagger/ HTTP/1.1" 200 85 "http://localhost:9763/swagger/" "Mozilla/5.0 (X11; Linux x86_64) AppleWebKit/537.36 (KHTML, like Gecko) Ubuntu Chromium/47.0.2526.73 Chrome/47.0.2526.73 Safari/537.36"
0:0:0:0:0:0:0:1 - - [07/Jan/2016:10:21:52 +0530] "GET /swagger/ HTTP/1.1" 200 72 "-" "Mozilla/5.0 (X11; Linux x86_64) AppleWebKit/537.36 (KHTML, like Gecko) Ubuntu Chromium/47.0.2526.73 Chrome/47.0.2526.73 Safari/537.36"
0:0:0:0:0:0:0:1 - - [07/Jan/2016:10:21:57 +0530] "POST /swagger/ HTTP/1.1" 200 85 "http://localhost:9763/swagger/" "Mozilla/5.0 (X11; Linux x86_64) AppleWebKit/537.36 (KHTML, like Gecko) Ubuntu Chromium/47.0.2526.73 Chrome/47.0.2526.73 Safari/537.36"
0:0:0:0:0:0:0:1 - - [07/Jan/2016:10:24:08 +0530] "GET /swagger/ HTTP/1.1" 500 1477 "-" "Mozilla/5.0 (X11; Linux x86_64) AppleWebKit/537.36 (KHTML, like Gecko) Ubuntu Chromium/47.0.2526.73 Chrome/47.0.2526.73 Safari/537.36"
0:0:0:0:0:0:0:1 - - [07/Jan/2016:10:24:34 +0530] "GET /swagger/ HTTP/1.1" 500 1477 "-" "Mozilla/5.0 (X11; Linux x86_64) AppleWebKit/537.36 (KHTML, like Gecko) Ubuntu Chromium/47.0.2526.73 Chrome/47.0.2526.73 Safari/537.36"
0:0:0:0:0:0:0:1 - - [07/Jan/2016:10:24:50 +0530] "GET /apidocs/file.jag HTTP/1.1" 200 4503 "http://localhost:9763/documentation.jag" "Mozilla/5.0 (X11; Linux x86_64) AppleWebKit/537.36 (KHTML, like Gecko) Ubuntu Chromium/47.0.2526.73 Chrome/47.0.2526.73 Safari/537.36"
0:0:0:0:0:0:0:1 - - [07/Jan/2016:10:24:51 +0530] "GET /apidocs/%3C%22%=context/js/bootstrap-twipsy.js%22 HTTP/1.1" 400 - "http://localhost:9763/apidocs/file.jag" "Mozilla/5.0 (X11; Linux x86_64) AppleWebKit/537.36 (KHTML, like Gecko) Ubuntu Chromium/47.0.2526.73 Chrome/47.0.2526.73 Safari/537.36"
0:0:0:0:0:0:0:1 - - [07/Jan/2016:10:24:51 +0530] "GET /tryitframe.jag?code=%26lt%25%0A%20var%20path%20%3D%20%22%2Ffoo.txt%22%3B%0A%20var%20file%20%3D%20new%20File(path)%3B%0A%20file.open(%22r%22)%3B%0A%0A%20var%20message%20%3D%20%22%22%3B%0A%0A%20message%20%3D%20file.readAll()%0A%20print(message)%3B%0A%0A%20file.close()%3B%0A%20%25%26gt HTTP/1.1" 200 1521 "http://localhost:9763/apidocs/file.jag" "Mozilla/5.0 (X11; Linux x86_64) AppleWebKit/537.36 (KHTML, like Gecko) Ubuntu Chromium/47.0.2526.73 Chrome/47.0.2526.73 Safari/537.36"
0:0:0:0:0:0:0:1 - - [07/Jan/2016:10:24:51 +0530] "GET /js/tryit.jag HTTP/1.1" 200 615 "http://localhost:9763/tryitframe.jag?code=%26lt%25%0A%20var%20path%20%3D%20%22%2Ffoo.txt%22%3B%0A%20var%20file%20%3D%20new%20File(path)%3B%0A%20file.open(%22r%22)%3B%0A%0A%20var%20message%20%3D%20%22%22%3B%0A%0A%20message%20%3D%20file.readAll()%0A%20print(message)%3B%0A%0A%20file.close()%3B%0A%20%25%26gt" "Mozilla/5.0 (X11; Linux x86_64) AppleWebKit/537.36 (KHTML, like Gecko) Ubuntu Chromium/47.0.2526.73 Chrome/47.0.2526.73 Safari/537.36"
0:0:0:0:0:0:0:1 - - [07/Jan/2016:10:26:21 +0530] "GET /swagger/ HTTP/1.1" 200 72 "-" "Mozilla/5.0 (X11; Linux x86_64) AppleWebKit/537.36 (KHTML, like Gecko) Ubuntu Chromium/47.0.2526.73 Chrome/47.0.2526.73 Safari/537.36"
0:0:0:0:0:0:0:1 - - [07/Jan/2016:10:26:46 +0530] "GET /swagger/ HTTP/1.1" 200 72 "-" "Mozilla/5.0 (X11; Linux x86_64) AppleWebKit/537.36 (KHTML, like Gecko) Ubuntu Chromium/47.0.2526.73 Chrome/47.0.2526.73 Safari/537.36"
0:0:0:0:0:0:0:1 - - [07/Jan/2016:10:26:49 +0530] "POST /swagger/ HTTP/1.1" 200 103 "http://localhost:9763/swagger/" "Mozilla/5.0 (X11; Linux x86_64) AppleWebKit/537.36 (KHTML, like Gecko) Ubuntu Chromium/47.0.2526.73 Chrome/47.0.2526.73 Safari/537.36"
0:0:0:0:0:0:0:1 - - [07/Jan/2016:10:27:29 +0530] "GET /swagger/ HTTP/1.1" 200 72 "-" "Mozilla/5.0 (X11; Linux x86_64) AppleWebKit/537.36 (KHTML, like Gecko) Ubuntu Chromium/47.0.2526.73 Chrome/47.0.2526.73 Safari/537.36"
0:0:0:0:0:0:0:1 - - [07/Jan/2016:10:27:34 +0530] "POST /swagger/ HTTP/1.1" 200 85 "http://localhost:9763/swagger/" "Mozilla/5.0 (X11; Linux x86_64) AppleWebKit/537.36 (KHTML, like Gecko) Ubuntu Chromium/47.0.2526.73 Chrome/47.0.2526.73 Safari/537.36"
0:0:0:0:0:0:0:1 - - [07/Jan/2016:10:28:19 +0530] "GET /swagger/ HTTP/1.1" 200 72 "-" "Mozilla/5.0 (X11; Linux x86_64) AppleWebKit/537.36 (KHTML, like Gecko) Ubuntu Chromium/47.0.2526.73 Chrome/47.0.2526.73 Safari/537.36"
0:0:0:0:0:0:0:1 - - [07/Jan/2016:10:28:23 +0530] "POST /swagger/ HTTP/1.1" 200 89 "http://localhost:9763/swagger/" "Mozilla/5.0 (X11; Linux x86_64) AppleWebKit/537.36 (KHTML, like Gecko) Ubuntu Chromium/47.0.2526.73 Chrome/47.0.2526.73 Safari/537.36"
0:0:0:0:0:0:0:1 - - [07/Jan/2016:10:28:42 +0530] "GET /swagger/ HTTP/1.1" 200 72 "-" "Mozilla/5.0 (X11; Linux x86_64) AppleWebKit/537.36 (KHTML, like Gecko) Ubuntu Chromium/47.0.2526.73 Chrome/47.0.2526.73 Safari/537.36"
0:0:0:0:0:0:0:1 - - [07/Jan/2016:10:28:45 +0530] "POST /swagger/ HTTP/1.1" 200 85 "http://localhost:9763/swagger/" "Mozilla/5.0 (X11; Linux x86_64) AppleWebKit/537.36 (KHTML, like Gecko) Ubuntu Chromium/47.0.2526.73 Chrome/47.0.2526.73 Safari/537.36"
0:0:0:0:0:0:0:1 - - [07/Jan/2016:10:30:43 +0530] "GET /swagger/ HTTP/1.1" 200 344 "-" "Mozilla/5.0 (X11; Linux x86_64) AppleWebKit/537.36 (KHTML, like Gecko) Ubuntu Chromium/47.0.2526.73 Chrome/47.0.2526.73 Safari/537.36"
0:0:0:0:0:0:0:1 - - [07/Jan/2016:10:32:05 +0530] "GET /swagger/ HTTP/1.1" 200 119 "-" "Mozilla/5.0 (X11; Linux x86_64) AppleWebKit/537.36 (KHTML, like Gecko) Ubuntu Chromium/47.0.2526.73 Chrome/47.0.2526.73 Safari/537.36"
0:0:0:0:0:0:0:1 - - [07/Jan/2016:10:32:42 +0530] "GET /swagger/ HTTP/1.1" 200 194 "-" "Mozilla/5.0 (X11; Linux x86_64) AppleWebKit/537.36 (KHTML, like Gecko) Ubuntu Chromium/47.0.2526.73 Chrome/47.0.2526.73 Safari/537.36"
0:0:0:0:0:0:0:1 - - [07/Jan/2016:10:33:07 +0530] "GET /swagger/ HTTP/1.1" 200 269 "-" "Mozilla/5.0 (X11; Linux x86_64) AppleWebKit/537.36 (KHTML, like Gecko) Ubuntu Chromium/47.0.2526.73 Chrome/47.0.2526.73 Safari/537.36"
0:0:0:0:0:0:0:1 - - [07/Jan/2016:10:33:09 +0530] "GET /swagger/file.doc HTTP/1.1" 404 1003 "http://localhost:9763/swagger/" "Mozilla/5.0 (X11; Linux x86_64) AppleWebKit/537.36 (KHTML, like Gecko) Ubuntu Chromium/47.0.2526.73 Chrome/47.0.2526.73 Safari/537.36"
0:0:0:0:0:0:0:1 - - [07/Jan/2016:10:34:35 +0530] "GET /swagger/ HTTP/1.1" 200 287 "-" "Mozilla/5.0 (X11; Linux x86_64) AppleWebKit/537.36 (KHTML, like Gecko) Ubuntu Chromium/47.0.2526.73 Chrome/47.0.2526.73 Safari/537.36"
0:0:0:0:0:0:0:1 - - [07/Jan/2016:10:34:36 +0530] "GET /swagger/javaClientSdk.zip HTTP/1.1" 200 30307 "http://localhost:9763/swagger/" "Mozilla/5.0 (X11; Linux x86_64) AppleWebKit/537.36 (KHTML, like Gecko) Ubuntu Chromium/47.0.2526.73 Chrome/47.0.2526.73 Safari/537.36"
0:0:0:0:0:0:0:1 - - [07/Jan/2016:10:35:04 +0530] "GET /swagger/ HTTP/1.1" 200 287 "-" "Mozilla/5.0 (X11; Linux x86_64) AppleWebKit/537.36 (KHTML, like Gecko) Ubuntu Chromium/47.0.2526.73 Chrome/47.0.2526.73 Safari/537.36"
0:0:0:0:0:0:0:1 - - [07/Jan/2016:10:35:08 +0530] "POST /swagger/ HTTP/1.1" 500 1327 "http://localhost:9763/swagger/" "Mozilla/5.0 (X11; Linux x86_64) AppleWebKit/537.36 (KHTML, like Gecko) Ubuntu Chromium/47.0.2526.73 Chrome/47.0.2526.73 Safari/537.36"
0:0:0:0:0:0:0:1 - - [07/Jan/2016:10:37:37 +0530] "GET /swagger/ HTTP/1.1" 200 287 "-" "Mozilla/5.0 (X11; Linux x86_64) AppleWebKit/537.36 (KHTML, like Gecko) Ubuntu Chromium/47.0.2526.73 Chrome/47.0.2526.73 Safari/537.36"
0:0:0:0:0:0:0:1 - - [07/Jan/2016:10:37:40 +0530] "POST /swagger/ HTTP/1.1" 500 1333 "http://localhost:9763/swagger/" "Mozilla/5.0 (X11; Linux x86_64) AppleWebKit/537.36 (KHTML, like Gecko) Ubuntu Chromium/47.0.2526.73 Chrome/47.0.2526.73 Safari/537.36"
0:0:0:0:0:0:0:1 - - [07/Jan/2016:10:38:42 +0530] "GET /swagger/ HTTP/1.1" 200 263 "-" "Mozilla/5.0 (X11; Linux x86_64) AppleWebKit/537.36 (KHTML, like Gecko) Ubuntu Chromium/47.0.2526.73 Chrome/47.0.2526.73 Safari/537.36"
0:0:0:0:0:0:0:1 - - [07/Jan/2016:10:39:07 +0530] "GET /swagger/ HTTP/1.1" 200 287 "-" "Mozilla/5.0 (X11; Linux x86_64) AppleWebKit/537.36 (KHTML, like Gecko) Ubuntu Chromium/47.0.2526.73 Chrome/47.0.2526.73 Safari/537.36"
0:0:0:0:0:0:0:1 - - [07/Jan/2016:10:39:10 +0530] "POST /swagger/ HTTP/1.1" 200 336 "http://localhost:9763/swagger/" "Mozilla/5.0 (X11; Linux x86_64) AppleWebKit/537.36 (KHTML, like Gecko) Ubuntu Chromium/47.0.2526.73 Chrome/47.0.2526.73 Safari/537.36"
0:0:0:0:0:0:0:1 - - [07/Jan/2016:10:39:48 +0530] "GET /swagger/ HTTP/1.1" 200 265 "-" "Mozilla/5.0 (X11; Linux x86_64) AppleWebKit/537.36 (KHTML, like Gecko) Ubuntu Chromium/47.0.2526.73 Chrome/47.0.2526.73 Safari/537.36"
0:0:0:0:0:0:0:1 - - [07/Jan/2016:10:39:49 +0530] "GET /swagger/javaClientSdk.zip HTTP/1.1" 200 30298 "http://localhost:9763/swagger/" "Mozilla/5.0 (X11; Linux x86_64) AppleWebKit/537.36 (KHTML, like Gecko) Ubuntu Chromium/47.0.2526.73 Chrome/47.0.2526.73 Safari/537.36"
0:0:0:0:0:0:0:1 - - [07/Jan/2016:10:42:07 +0530] "GET /swagger/ HTTP/1.1" 200 265 "-" "Mozilla/5.0 (X11; Linux x86_64) AppleWebKit/537.36 (KHTML, like Gecko) Ubuntu Chromium/47.0.2526.73 Chrome/47.0.2526.73 Safari/537.36"
0:0:0:0:0:0:0:1 - - [07/Jan/2016:10:42:11 +0530] "POST /swagger/ HTTP/1.1" 200 309 "http://localhost:9763/swagger/" "Mozilla/5.0 (X11; Linux x86_64) AppleWebKit/537.36 (KHTML, like Gecko) Ubuntu Chromium/47.0.2526.73 Chrome/47.0.2526.73 Safari/537.36"
0:0:0:0:0:0:0:1 - - [07/Jan/2016:10:42:25 +0530] "POST /swagger/ HTTP/1.1" 200 309 "http://localhost:9763/swagger/" "Mozilla/5.0 (X11; Linux x86_64) AppleWebKit/537.36 (KHTML, like Gecko) Ubuntu Chromium/47.0.2526.73 Chrome/47.0.2526.73 Safari/537.36"
0:0:0:0:0:0:0:1 - - [07/Jan/2016:10:42:25 +0530] "GET /swagger/javaClientSdk.zip HTTP/1.1" 200 30288 "http://localhost:9763/swagger/" "Mozilla/5.0 (X11; Linux x86_64) AppleWebKit/537.36 (KHTML, like Gecko) Ubuntu Chromium/47.0.2526.73 Chrome/47.0.2526.73 Safari/537.36"
0:0:0:0:0:0:0:1 - - [07/Jan/2016:10:42:46 +0530] "GET /swagger/ HTTP/1.1" 200 133 "-" "Mozilla/5.0 (X11; Linux x86_64) AppleWebKit/537.36 (KHTML, like Gecko) Ubuntu Chromium/47.0.2526.73 Chrome/47.0.2526.73 Safari/537.36"
0:0:0:0:0:0:0:1 - - [07/Jan/2016:10:42:48 +0530] "GET /swagger/ HTTP/1.1" 200 133 "-" "Mozilla/5.0 (X11; Linux x86_64) AppleWebKit/537.36 (KHTML, like Gecko) Ubuntu Chromium/47.0.2526.73 Chrome/47.0.2526.73 Safari/537.36"
0:0:0:0:0:0:0:1 - - [07/Jan/2016:10:42:59 +0530] "GET /swagger/ HTTP/1.1" 200 203 "-" "Mozilla/5.0 (X11; Linux x86_64) AppleWebKit/537.36 (KHTML, like Gecko) Ubuntu Chromium/47.0.2526.73 Chrome/47.0.2526.73 Safari/537.36"
0:0:0:0:0:0:0:1 - - [07/Jan/2016:10:43:03 +0530] "POST /swagger/ HTTP/1.1" 200 245 "http://localhost:9763/swagger/" "Mozilla/5.0 (X11; Linux x86_64) AppleWebKit/537.36 (KHTML, like Gecko) Ubuntu Chromium/47.0.2526.73 Chrome/47.0.2526.73 Safari/537.36"
0:0:0:0:0:0:0:1 - - [07/Jan/2016:10:43:03 +0530] "GET /swagger/javaClientSdk.zip HTTP/1.1" 200 30285 "http://localhost:9763/swagger/" "Mozilla/5.0 (X11; Linux x86_64) AppleWebKit/537.36 (KHTML, like Gecko) Ubuntu Chromium/47.0.2526.73 Chrome/47.0.2526.73 Safari/537.36"
0:0:0:0:0:0:0:1 - - [07/Jan/2016:10:46:53 +0530] "GET /swagger/ HTTP/1.1" 200 203 "-" "Mozilla/5.0 (X11; Linux x86_64) AppleWebKit/537.36 (KHTML, like Gecko) Ubuntu Chromium/47.0.2526.73 Chrome/47.0.2526.73 Safari/537.36"
0:0:0:0:0:0:0:1 - - [07/Jan/2016:10:46:57 +0530] "POST /swagger/ HTTP/1.1" 200 245 "http://localhost:9763/swagger/" "Mozilla/5.0 (X11; Linux x86_64) AppleWebKit/537.36 (KHTML, like Gecko) Ubuntu Chromium/47.0.2526.73 Chrome/47.0.2526.73 Safari/537.36"
0:0:0:0:0:0:0:1 - - [07/Jan/2016:10:46:57 +0530] "GET /swagger/javaClientSdk.zip HTTP/1.1" 200 30296 "http://localhost:9763/swagger/" "Mozilla/5.0 (X11; Linux x86_64) AppleWebKit/537.36 (KHTML, like Gecko) Ubuntu Chromium/47.0.2526.73 Chrome/47.0.2526.73 Safari/537.36"
0:0:0:0:0:0:0:1 - - [07/Jan/2016:10:47:41 +0530] "GET /swagger/ HTTP/1.1" 200 203 "-" "Mozilla/5.0 (X11; Linux x86_64) AppleWebKit/537.36 (KHTML, like Gecko) Ubuntu Chromium/47.0.2526.73 Chrome/47.0.2526.73 Safari/537.36"
0:0:0:0:0:0:0:1 - - [07/Jan/2016:10:47:48 +0530] "POST /swagger/ HTTP/1.1" 200 256 "http://localhost:9763/swagger/" "Mozilla/5.0 (X11; Linux x86_64) AppleWebKit/537.36 (KHTML, like Gecko) Ubuntu Chromium/47.0.2526.73 Chrome/47.0.2526.73 Safari/537.36"
0:0:0:0:0:0:0:1 - - [07/Jan/2016:10:47:48 +0530] "GET /swagger/javaClientSdk.zip HTTP/1.1" 404 1030 "http://localhost:9763/swagger/" "Mozilla/5.0 (X11; Linux x86_64) AppleWebKit/537.36 (KHTML, like Gecko) Ubuntu Chromium/47.0.2526.73 Chrome/47.0.2526.73 Safari/537.36"
0:0:0:0:0:0:0:1 - - [07/Jan/2016:10:48:21 +0530] "GET /swagger/ HTTP/1.1" 200 203 "-" "Mozilla/5.0 (X11; Linux x86_64) AppleWebKit/537.36 (KHTML, like Gecko) Ubuntu Chromium/47.0.2526.73 Chrome/47.0.2526.73 Safari/537.36"
0:0:0:0:0:0:0:1 - - [07/Jan/2016:10:48:25 +0530] "POST /swagger/ HTTP/1.1" 200 245 "http://localhost:9763/swagger/" "Mozilla/5.0 (X11; Linux x86_64) AppleWebKit/537.36 (KHTML, like Gecko) Ubuntu Chromium/47.0.2526.73 Chrome/47.0.2526.73 Safari/537.36"
0:0:0:0:0:0:0:1 - - [07/Jan/2016:10:48:25 +0530] "GET /swagger/javaClientSdk.zip HTTP/1.1" 200 30304 "http://localhost:9763/swagger/" "Mozilla/5.0 (X11; Linux x86_64) AppleWebKit/537.36 (KHTML, like Gecko) Ubuntu Chromium/47.0.2526.73 Chrome/47.0.2526.73 Safari/537.36"
0:0:0:0:0:0:0:1 - - [07/Jan/2016:10:48:57 +0530] "POST /swagger/ HTTP/1.1" 200 245 "http://localhost:9763/swagger/" "Mozilla/5.0 (X11; Linux x86_64) AppleWebKit/537.36 (KHTML, like Gecko) Ubuntu Chromium/47.0.2526.73 Chrome/47.0.2526.73 Safari/537.36"
0:0:0:0:0:0:0:1 - - [07/Jan/2016:10:48:57 +0530] "GET /swagger/javaClientSdk.zip HTTP/1.1" 200 30303 "http://localhost:9763/swagger/" "Mozilla/5.0 (X11; Linux x86_64) AppleWebKit/537.36 (KHTML, like Gecko) Ubuntu Chromium/47.0.2526.73 Chrome/47.0.2526.73 Safari/537.36"
0:0:0:0:0:0:0:1 - - [07/Jan/2016:10:56:48 +0530] "GET /swagger/ HTTP/1.1" 200 203 "-" "Mozilla/5.0 (X11; Linux x86_64) AppleWebKit/537.36 (KHTML, like Gecko) Ubuntu Chromium/47.0.2526.73 Chrome/47.0.2526.73 Safari/537.36"
0:0:0:0:0:0:0:1 - - [07/Jan/2016:10:56:53 +0530] "POST /swagger/ HTTP/1.1" 200 245 "http://localhost:9763/swagger/" "Mozilla/5.0 (X11; Linux x86_64) AppleWebKit/537.36 (KHTML, like Gecko) Ubuntu Chromium/47.0.2526.73 Chrome/47.0.2526.73 Safari/537.36"
0:0:0:0:0:0:0:1 - - [07/Jan/2016:10:56:53 +0530] "GET /swagger/javaClientSdk.zip HTTP/1.1" 200 30286 "http://localhost:9763/swagger/" "Mozilla/5.0 (X11; Linux x86_64) AppleWebKit/537.36 (KHTML, like Gecko) Ubuntu Chromium/47.0.2526.73 Chrome/47.0.2526.73 Safari/537.36"
0:0:0:0:0:0:0:1 - - [07/Jan/2016:11:48:45 +0530] "GET / HTTP/1.1" 200 2939 "-" "Mozilla/5.0 (X11; Linux x86_64) AppleWebKit/537.36 (KHTML, like Gecko) Ubuntu Chromium/47.0.2526.73 Chrome/47.0.2526.73 Safari/537.36"
0:0:0:0:0:0:0:1 - - [07/Jan/2016:11:48:46 +0530] "GET /tryitframe.jag?code=%26lt%3Bhtml%26gt%3B%20%0A%20%20%26lt%3Bbody%26gt%3B%20%0A%20%26lt%3Bh1%26gt%3B%20%0A%20%26lt%25%20%0A%20var%20name%20%3D%20%22Jaggery%22%3B%20%0A%20print(%22Hello%20%22%20%2B%20name)%3B%20%0A%20%25%26gt%20%0A%20%26lt%3B%2Fh1%26gt%3B%20%0A%20%26lt%3B%2Fbody%26gt%3B%20%0A%20%26lt%3B%2Fhtml%26gt%3B HTTP/1.1" 200 1493 "http://localhost:9763/" "Mozilla/5.0 (X11; Linux x86_64) AppleWebKit/537.36 (KHTML, like Gecko) Ubuntu Chromium/47.0.2526.73 Chrome/47.0.2526.73 Safari/537.36"
0:0:0:0:0:0:0:1 - - [07/Jan/2016:11:48:46 +0530] "GET /js/tryit.jag HTTP/1.1" 200 615 "http://localhost:9763/tryitframe.jag?code=%26lt%3Bhtml%26gt%3B%20%0A%20%20%26lt%3Bbody%26gt%3B%20%0A%20%26lt%3Bh1%26gt%3B%20%0A%20%26lt%25%20%0A%20var%20name%20%3D%20%22Jaggery%22%3B%20%0A%20print(%22Hello%20%22%20%2B%20name)%3B%20%0A%20%25%26gt%20%0A%20%26lt%3B%2Fh1%26gt%3B%20%0A%20%26lt%3B%2Fbody%26gt%3B%20%0A%20%26lt%3B%2Fhtml%26gt%3B" "Mozilla/5.0 (X11; Linux x86_64) AppleWebKit/537.36 (KHTML, like Gecko) Ubuntu Chromium/47.0.2526.73 Chrome/47.0.2526.73 Safari/537.36"
0:0:0:0:0:0:0:1 - - [07/Jan/2016:11:48:49 +0530] "GET /swagger HTTP/1.1" 302 - "-" "Mozilla/5.0 (X11; Linux x86_64) AppleWebKit/537.36 (KHTML, like Gecko) Ubuntu Chromium/47.0.2526.73 Chrome/47.0.2526.73 Safari/537.36"
0:0:0:0:0:0:0:1 - - [07/Jan/2016:11:48:49 +0530] "GET /swagger/ HTTP/1.1" 200 203 "-" "Mozilla/5.0 (X11; Linux x86_64) AppleWebKit/537.36 (KHTML, like Gecko) Ubuntu Chromium/47.0.2526.73 Chrome/47.0.2526.73 Safari/537.36"
0:0:0:0:0:0:0:1 - - [07/Jan/2016:11:48:55 +0530] "POST /swagger/ HTTP/1.1" 200 245 "http://localhost:9763/swagger/" "Mozilla/5.0 (X11; Linux x86_64) AppleWebKit/537.36 (KHTML, like Gecko) Ubuntu Chromium/47.0.2526.73 Chrome/47.0.2526.73 Safari/537.36"
0:0:0:0:0:0:0:1 - - [07/Jan/2016:11:48:55 +0530] "GET /swagger/javaClientSdk.zip HTTP/1.1" 200 30297 "http://localhost:9763/swagger/" "Mozilla/5.0 (X11; Linux x86_64) AppleWebKit/537.36 (KHTML, like Gecko) Ubuntu Chromium/47.0.2526.73 Chrome/47.0.2526.73 Safari/537.36"
0:0:0:0:0:0:0:1 - - [07/Jan/2016:11:49:01 +0530] "GET /swagger/ HTTP/1.1" 200 203 "-" "Mozilla/5.0 (X11; Linux x86_64) AppleWebKit/537.36 (KHTML, like Gecko) Ubuntu Chromium/47.0.2526.73 Chrome/47.0.2526.73 Safari/537.36"
0:0:0:0:0:0:0:1 - - [07/Jan/2016:11:49:29 +0530] "POST /swagger/ HTTP/1.1" 200 245 "http://localhost:9763/swagger/" "Mozilla/5.0 (X11; Linux x86_64) AppleWebKit/537.36 (KHTML, like Gecko) Ubuntu Chromium/47.0.2526.73 Chrome/47.0.2526.73 Safari/537.36"
0:0:0:0:0:0:0:1 - - [07/Jan/2016:11:49:29 +0530] "GET /swagger/javaClientSdk.zip HTTP/1.1" 200 30296 "http://localhost:9763/swagger/" "Mozilla/5.0 (X11; Linux x86_64) AppleWebKit/537.36 (KHTML, like Gecko) Ubuntu Chromium/47.0.2526.73 Chrome/47.0.2526.73 Safari/537.36"
0:0:0:0:0:0:0:1 - - [07/Jan/2016:12:07:52 +0530] "GET /swagger/ HTTP/1.1" 200 203 "-" "Mozilla/5.0 (X11; Linux x86_64) AppleWebKit/537.36 (KHTML, like Gecko) Ubuntu Chromium/47.0.2526.73 Chrome/47.0.2526.73 Safari/537.36"
0:0:0:0:0:0:0:1 - - [07/Jan/2016:13:49:06 +0530] "GET /swagger/ HTTP/1.1" 200 203 "-" "Mozilla/5.0 (X11; Linux x86_64) AppleWebKit/537.36 (KHTML, like Gecko) Ubuntu Chromium/47.0.2526.73 Chrome/47.0.2526.73 Safari/537.36"
10.100.4.166 - - [07/Jan/2016:13:49:30 +0530] "GET /swagger HTTP/1.1" 302 - "-" "Mozilla/5.0 (X11; Linux x86_64) AppleWebKit/537.36 (KHTML, like Gecko) Ubuntu Chromium/47.0.2526.73 Chrome/47.0.2526.73 Safari/537.36"
10.100.4.166 - - [07/Jan/2016:13:49:30 +0530] "GET /swagger/ HTTP/1.1" 200 203 "-" "Mozilla/5.0 (X11; Linux x86_64) AppleWebKit/537.36 (KHTML, like Gecko) Ubuntu Chromium/47.0.2526.73 Chrome/47.0.2526.73 Safari/537.36"
10.100.4.166 - - [07/Jan/2016:13:49:30 +0530] "GET /favicon.ico HTTP/1.1" 200 1150 "http://10.100.4.166:9763/swagger/" "Mozilla/5.0 (X11; Linux x86_64) AppleWebKit/537.36 (KHTML, like Gecko) Ubuntu Chromium/47.0.2526.73 Chrome/47.0.2526.73 Safari/537.36"
10.100.4.166 - - [07/Jan/2016:13:49:46 +0530] "GET /swagger/ HTTP/1.1" 200 203 "http://www.google.com/url?q=http%3A%2F%2F10.100.4.166%3A9763%2Fswagger%2F&sa=D&sntz=1&usg=AFQjCNEGJbMyi8UgL8twgdgewYYhEFpynw" "Mozilla/5.0 (X11; Linux x86_64) AppleWebKit/537.36 (KHTML, like Gecko) Ubuntu Chromium/47.0.2526.73 Chrome/47.0.2526.73 Safari/537.36"
10.100.4.42 - - [07/Jan/2016:13:50:08 +0530] "GET /swagger/ HTTP/1.1" 200 203 "http://www.google.com/url?q=http%3A%2F%2F10.100.4.166%3A9763%2Fswagger%2F&sa=D&sntz=1&usg=AFQjCNEGJbMyi8UgL8twgdgewYYhEFpynw" "Mozilla/5.0 (X11; Linux x86_64) AppleWebKit/537.36 (KHTML, like Gecko) Chrome/47.0.2526.106 Safari/537.36"
10.100.4.42 - - [07/Jan/2016:13:50:08 +0530] "GET /favicon.ico HTTP/1.1" 200 1150 "http://10.100.4.166:9763/swagger/" "Mozilla/5.0 (X11; Linux x86_64) AppleWebKit/537.36 (KHTML, like Gecko) Chrome/47.0.2526.106 Safari/537.36"
10.100.4.42 - - [07/Jan/2016:13:50:12 +0530] "POST /swagger/ HTTP/1.1" 200 245 "http://10.100.4.166:9763/swagger/" "Mozilla/5.0 (X11; Linux x86_64) AppleWebKit/537.36 (KHTML, like Gecko) Chrome/47.0.2526.106 Safari/537.36"
10.100.4.42 - - [07/Jan/2016:13:52:35 +0530] "POST /swagger/ HTTP/1.1" 200 245 "http://10.100.4.166:9763/swagger/" "Mozilla/5.0 (X11; Linux x86_64) AppleWebKit/537.36 (KHTML, like Gecko) Chrome/47.0.2526.106 Safari/537.36"
10.100.4.42 - - [07/Jan/2016:13:52:35 +0530] "GET /swagger/javaClientSdk.zip HTTP/1.1" 200 30300 "http://10.100.4.166:9763/swagger/" "Mozilla/5.0 (X11; Linux x86_64) AppleWebKit/537.36 (KHTML, like Gecko) Chrome/47.0.2526.106 Safari/537.36"
10.100.4.42 - - [07/Jan/2016:13:52:46 +0530] "GET /swagger/javaClientSdk.zip HTTP/1.1" 200 30300 "http://10.100.4.166:9763/swagger/" "Mozilla/5.0 (X11; Linux x86_64) AppleWebKit/537.36 (KHTML, like Gecko) Chrome/47.0.2526.106 Safari/537.36"
10.100.4.42 - - [07/Jan/2016:13:53:38 +0530] "GET /swagger/javaClientSdk.zip HTTP/1.1" 200 30300 "http://10.100.4.166:9763/swagger/" "Mozilla/5.0 (X11; Linux x86_64) AppleWebKit/537.36 (KHTML, like Gecko) Chrome/47.0.2526.106 Safari/537.36"
10.100.4.42 - - [07/Jan/2016:13:54:35 +0530] "GET /swagger/javaClientSdk.zip HTTP/1.1" 200 30300 "http://10.100.4.166:9763/swagger/" "Mozilla/5.0 (X11; Linux x86_64) AppleWebKit/537.36 (KHTML, like Gecko) Chrome/47.0.2526.106 Safari/537.36"
10.100.4.42 - - [07/Jan/2016:13:55:05 +0530] "GET /swagger/ HTTP/1.1" 200 203 "-" "Mozilla/5.0 (X11; Linux x86_64) AppleWebKit/537.36 (KHTML, like Gecko) Chrome/47.0.2526.106 Safari/537.36"
10.100.4.42 - - [07/Jan/2016:13:55:17 +0530] "POST /swagger/ HTTP/1.1" 200 245 "http://10.100.4.166:9763/swagger/" "Mozilla/5.0 (X11; Linux x86_64) AppleWebKit/537.36 (KHTML, like Gecko) Chrome/47.0.2526.106 Safari/537.36"
10.100.4.42 - - [07/Jan/2016:13:55:17 +0530] "GET /swagger/javaClientSdk.zip HTTP/1.1" 200 30303 "http://10.100.4.166:9763/swagger/" "Mozilla/5.0 (X11; Linux x86_64) AppleWebKit/537.36 (KHTML, like Gecko) Chrome/47.0.2526.106 Safari/537.36"
10.100.4.42 - - [07/Jan/2016:14:00:12 +0530] "GET /swagger/javaClientSdk.zip HTTP/1.1" 200 30303 "http://10.100.4.166:9763/swagger/" "Mozilla/5.0 (X11; Linux x86_64) AppleWebKit/537.36 (KHTML, like Gecko) Chrome/47.0.2526.106 Safari/537.36"
0:0:0:0:0:0:0:1 - - [07/Jan/2016:14:03:22 +0530] "GET /swagger/ HTTP/1.1" 200 165 "-" "Mozilla/5.0 (X11; Linux x86_64) AppleWebKit/537.36 (KHTML, like Gecko) Ubuntu Chromium/47.0.2526.73 Chrome/47.0.2526.73 Safari/537.36"
0:0:0:0:0:0:0:1 - - [07/Jan/2016:14:03:26 +0530] "POST /swagger/ HTTP/1.1" 200 207 "http://localhost:9763/swagger/" "Mozilla/5.0 (X11; Linux x86_64) AppleWebKit/537.36 (KHTML, like Gecko) Ubuntu Chromium/47.0.2526.73 Chrome/47.0.2526.73 Safari/537.36"
0:0:0:0:0:0:0:1 - - [07/Jan/2016:14:03:48 +0530] "GET /swagger/ HTTP/1.1" 200 138 "-" "Mozilla/5.0 (X11; Linux x86_64) AppleWebKit/537.36 (KHTML, like Gecko) Ubuntu Chromium/47.0.2526.73 Chrome/47.0.2526.73 Safari/537.36"
0:0:0:0:0:0:0:1 - - [07/Jan/2016:14:03:50 +0530] "GET /swagger/download.jag HTTP/1.1" 200 - "http://localhost:9763/swagger/" "Mozilla/5.0 (X11; Linux x86_64) AppleWebKit/537.36 (KHTML, like Gecko) Ubuntu Chromium/47.0.2526.73 Chrome/47.0.2526.73 Safari/537.36"
0:0:0:0:0:0:0:1 - - [07/Jan/2016:14:04:22 +0530] "GET /swagger/ HTTP/1.1" 200 138 "-" "Mozilla/5.0 (X11; Linux x86_64) AppleWebKit/537.36 (KHTML, like Gecko) Ubuntu Chromium/47.0.2526.73 Chrome/47.0.2526.73 Safari/537.36"
0:0:0:0:0:0:0:1 - - [07/Jan/2016:14:04:23 +0530] "GET /swagger/download.jag HTTP/1.1" 200 - "http://localhost:9763/swagger/" "Mozilla/5.0 (X11; Linux x86_64) AppleWebKit/537.36 (KHTML, like Gecko) Ubuntu Chromium/47.0.2526.73 Chrome/47.0.2526.73 Safari/537.36"
0:0:0:0:0:0:0:1 - - [07/Jan/2016:14:04:40 +0530] "GET /swagger/ HTTP/1.1" 200 138 "-" "Mozilla/5.0 (X11; Linux x86_64) AppleWebKit/537.36 (KHTML, like Gecko) Ubuntu Chromium/47.0.2526.73 Chrome/47.0.2526.73 Safari/537.36"
0:0:0:0:0:0:0:1 - - [07/Jan/2016:14:04:43 +0530] "GET /swagger/download.jag HTTP/1.1" 200 42 "http://localhost:9763/swagger/" "Mozilla/5.0 (X11; Linux x86_64) AppleWebKit/537.36 (KHTML, like Gecko) Ubuntu Chromium/47.0.2526.73 Chrome/47.0.2526.73 Safari/537.36"
0:0:0:0:0:0:0:1 - - [07/Jan/2016:14:09:51 +0530] "GET /swagger/ HTTP/1.1" 200 138 "-" "Mozilla/5.0 (X11; Linux x86_64) AppleWebKit/537.36 (KHTML, like Gecko) Ubuntu Chromium/47.0.2526.73 Chrome/47.0.2526.73 Safari/537.36"
0:0:0:0:0:0:0:1 - - [07/Jan/2016:14:09:54 +0530] "GET /swagger/download.jag HTTP/1.1" 200 59 "http://localhost:9763/swagger/" "Mozilla/5.0 (X11; Linux x86_64) AppleWebKit/537.36 (KHTML, like Gecko) Ubuntu Chromium/47.0.2526.73 Chrome/47.0.2526.73 Safari/537.36"
0:0:0:0:0:0:0:1 - - [07/Jan/2016:14:09:57 +0530] "GET /swagger/javaClientSdk.zip HTTP/1.1" 200 30300 "http://localhost:9763/swagger/download.jag" "Mozilla/5.0 (X11; Linux x86_64) AppleWebKit/537.36 (KHTML, like Gecko) Ubuntu Chromium/47.0.2526.73 Chrome/47.0.2526.73 Safari/537.36"
0:0:0:0:0:0:0:1 - - [07/Jan/2016:14:11:08 +0530] "GET /swagger/ HTTP/1.1" 200 138 "-" "Mozilla/5.0 (X11; Linux x86_64) AppleWebKit/537.36 (KHTML, like Gecko) Ubuntu Chromium/47.0.2526.73 Chrome/47.0.2526.73 Safari/537.36"
0:0:0:0:0:0:0:1 - - [07/Jan/2016:14:11:12 +0530] "GET /swagger/download.jag HTTP/1.1" 200 126 "http://localhost:9763/swagger/" "Mozilla/5.0 (X11; Linux x86_64) AppleWebKit/537.36 (KHTML, like Gecko) Ubuntu Chromium/47.0.2526.73 Chrome/47.0.2526.73 Safari/537.36"
0:0:0:0:0:0:0:1 - - [07/Jan/2016:14:11:33 +0530] "GET /swagger/download.jag HTTP/1.1" 200 59 "-" "Mozilla/5.0 (X11; Linux x86_64) AppleWebKit/537.36 (KHTML, like Gecko) Ubuntu Chromium/47.0.2526.73 Chrome/47.0.2526.73 Safari/537.36"
0:0:0:0:0:0:0:1 - - [07/Jan/2016:14:12:51 +0530] "GET / HTTP/1.1" 200 2939 "-" "Mozilla/5.0 (X11; Linux x86_64) AppleWebKit/537.36 (KHTML, like Gecko) Ubuntu Chromium/47.0.2526.73 Chrome/47.0.2526.73 Safari/537.36"
0:0:0:0:0:0:0:1 - - [07/Jan/2016:14:12:51 +0530] "GET /tryitframe.jag?code=%26lt%3Bhtml%26gt%3B%20%0A%20%20%26lt%3Bbody%26gt%3B%20%0A%20%26lt%3Bh1%26gt%3B%20%0A%20%26lt%25%20%0A%20var%20name%20%3D%20%22Jaggery%22%3B%20%0A%20print(%22Hello%20%22%20%2B%20name)%3B%20%0A%20%25%26gt%20%0A%20%26lt%3B%2Fh1%26gt%3B%20%0A%20%26lt%3B%2Fbody%26gt%3B%20%0A%20%26lt%3B%2Fhtml%26gt%3B HTTP/1.1" 200 1493 "http://localhost:9763/" "Mozilla/5.0 (X11; Linux x86_64) AppleWebKit/537.36 (KHTML, like Gecko) Ubuntu Chromium/47.0.2526.73 Chrome/47.0.2526.73 Safari/537.36"
0:0:0:0:0:0:0:1 - - [07/Jan/2016:14:12:52 +0530] "GET /js/tryit.jag HTTP/1.1" 200 615 "http://localhost:9763/tryitframe.jag?code=%26lt%3Bhtml%26gt%3B%20%0A%20%20%26lt%3Bbody%26gt%3B%20%0A%20%26lt%3Bh1%26gt%3B%20%0A%20%26lt%25%20%0A%20var%20name%20%3D%20%22Jaggery%22%3B%20%0A%20print(%22Hello%20%22%20%2B%20name)%3B%20%0A%20%25%26gt%20%0A%20%26lt%3B%2Fh1%26gt%3B%20%0A%20%26lt%3B%2Fbody%26gt%3B%20%0A%20%26lt%3B%2Fhtml%26gt%3B" "Mozilla/5.0 (X11; Linux x86_64) AppleWebKit/537.36 (KHTML, like Gecko) Ubuntu Chromium/47.0.2526.73 Chrome/47.0.2526.73 Safari/537.36"
0:0:0:0:0:0:0:1 - - [07/Jan/2016:14:12:56 +0530] "GET /documentation.jag HTTP/1.1" 200 2471 "http://localhost:9763/" "Mozilla/5.0 (X11; Linux x86_64) AppleWebKit/537.36 (KHTML, like Gecko) Ubuntu Chromium/47.0.2526.73 Chrome/47.0.2526.73 Safari/537.36"
0:0:0:0:0:0:0:1 - - [07/Jan/2016:14:13:06 +0530] "GET /apidocs/post.jag HTTP/1.1" 200 3801 "http://localhost:9763/documentation.jag" "Mozilla/5.0 (X11; Linux x86_64) AppleWebKit/537.36 (KHTML, like Gecko) Ubuntu Chromium/47.0.2526.73 Chrome/47.0.2526.73 Safari/537.36"
0:0:0:0:0:0:0:1 - - [07/Jan/2016:14:13:06 +0530] "GET /apidocs/%3C%22%=context/js/bootstrap-twipsy.js%22 HTTP/1.1" 400 - "http://localhost:9763/apidocs/post.jag" "Mozilla/5.0 (X11; Linux x86_64) AppleWebKit/537.36 (KHTML, like Gecko) Ubuntu Chromium/47.0.2526.73 Chrome/47.0.2526.73 Safari/537.36"
0:0:0:0:0:0:0:1 - - [07/Jan/2016:14:13:06 +0530] "GET /tryitframe.jag?code=%26lt%25%0A%20var%20url%20%3D%20%27http%3A%2F%2Fjaggeryjs.org%2Fapidocs%2Fresources%2Fdata.jag%27%3B%0A%20var%20result%20%3D%20post(url%2C%20%27Jaggery%20HTTP%20POST%27%2C%20%7B%0A%20%20%20%22User-Agent%22%20%3A%20%22Jaggery-XHR%22%2C%0A%20%20%20%22Country%22%20%3A%20%22LK%22%0A%20%7D%2C%20%27json%27)%3B%0A%20print(result.data)%3B%0A%20%25%26gt HTTP/1.1" 200 1570 "http://localhost:9763/apidocs/post.jag" "Mozilla/5.0 (X11; Linux x86_64) AppleWebKit/537.36 (KHTML, like Gecko) Ubuntu Chromium/47.0.2526.73 Chrome/47.0.2526.73 Safari/537.36"
0:0:0:0:0:0:0:1 - - [07/Jan/2016:14:13:07 +0530] "GET /js/tryit.jag HTTP/1.1" 200 615 "http://localhost:9763/tryitframe.jag?code=%26lt%25%0A%20var%20url%20%3D%20%27http%3A%2F%2Fjaggeryjs.org%2Fapidocs%2Fresources%2Fdata.jag%27%3B%0A%20var%20result%20%3D%20post(url%2C%20%27Jaggery%20HTTP%20POST%27%2C%20%7B%0A%20%20%20%22User-Agent%22%20%3A%20%22Jaggery-XHR%22%2C%0A%20%20%20%22Country%22%20%3A%20%22LK%22%0A%20%7D%2C%20%27json%27)%3B%0A%20print(result.data)%3B%0A%20%25%26gt" "Mozilla/5.0 (X11; Linux x86_64) AppleWebKit/537.36 (KHTML, like Gecko) Ubuntu Chromium/47.0.2526.73 Chrome/47.0.2526.73 Safari/537.36"
0:0:0:0:0:0:0:1 - - [07/Jan/2016:14:14:23 +0530] "GET /apidocs/request.jag HTTP/1.1" 200 4610 "http://localhost:9763/apidocs/post.jag" "Mozilla/5.0 (X11; Linux x86_64) AppleWebKit/537.36 (KHTML, like Gecko) Ubuntu Chromium/47.0.2526.73 Chrome/47.0.2526.73 Safari/537.36"
0:0:0:0:0:0:0:1 - - [07/Jan/2016:14:14:23 +0530] "GET /apidocs/%3C%22%=context/js/bootstrap-twipsy.js%22 HTTP/1.1" 400 - "http://localhost:9763/apidocs/request.jag" "Mozilla/5.0 (X11; Linux x86_64) AppleWebKit/537.36 (KHTML, like Gecko) Ubuntu Chromium/47.0.2526.73 Chrome/47.0.2526.73 Safari/537.36"
0:0:0:0:0:0:0:1 - - [07/Jan/2016:14:14:23 +0530] "GET /tryitframe.jag?code=%26lt%25%0A%20print(%22%26lthtml%26gt%26ltbody%26gt%22)%3B%0A%20print(%22Method%20%3A%20%22%20%2B%20request.getMethod()%20%2B%20%22%26lt%3Bbr%2F%26gt%22)%3B%0A%20print(%22Protocol%20%3A%20%22%20%2B%20request.getProtocol()%20%2B%20%22%26lt%3Bbr%2F%26gt%22)%3B%0A%20print(%22User-Agent%20%3A%20%22%20%2B%20request.getHeader(%22User-Agent%22))%3B%0A%20print(%22%26lt%2Fbody%26gt%26lt%2Fhtml%26gt%22)%3B%0A%20%25%26gt HTTP/1.1" 200 1530 "http://localhost:9763/apidocs/request.jag" "Mozilla/5.0 (X11; Linux x86_64) AppleWebKit/537.36 (KHTML, like Gecko) Ubuntu Chromium/47.0.2526.73 Chrome/47.0.2526.73 Safari/537.36"
0:0:0:0:0:0:0:1 - - [07/Jan/2016:14:14:24 +0530] "GET /js/tryit.jag HTTP/1.1" 200 615 "http://localhost:9763/tryitframe.jag?code=%26lt%25%0A%20print(%22%26lthtml%26gt%26ltbody%26gt%22)%3B%0A%20print(%22Method%20%3A%20%22%20%2B%20request.getMethod()%20%2B%20%22%26lt%3Bbr%2F%26gt%22)%3B%0A%20print(%22Protocol%20%3A%20%22%20%2B%20request.getProtocol()%20%2B%20%22%26lt%3Bbr%2F%26gt%22)%3B%0A%20print(%22User-Agent%20%3A%20%22%20%2B%20request.getHeader(%22User-Agent%22))%3B%0A%20print(%22%26lt%2Fbody%26gt%26lt%2Fhtml%26gt%22)%3B%0A%20%25%26gt" "Mozilla/5.0 (X11; Linux x86_64) AppleWebKit/537.36 (KHTML, like Gecko) Ubuntu Chromium/47.0.2526.73 Chrome/47.0.2526.73 Safari/537.36"
0:0:0:0:0:0:0:1 - - [07/Jan/2016:14:14:39 +0530] "GET /apidocs/response.jag HTTP/1.1" 200 3445 "http://localhost:9763/apidocs/request.jag" "Mozilla/5.0 (X11; Linux x86_64) AppleWebKit/537.36 (KHTML, like Gecko) Ubuntu Chromium/47.0.2526.73 Chrome/47.0.2526.73 Safari/537.36"
0:0:0:0:0:0:0:1 - - [07/Jan/2016:14:14:39 +0530] "GET /apidocs/%3C%22%=context/js/bootstrap-twipsy.js%22 HTTP/1.1" 400 - "http://localhost:9763/apidocs/response.jag" "Mozilla/5.0 (X11; Linux x86_64) AppleWebKit/537.36 (KHTML, like Gecko) Ubuntu Chromium/47.0.2526.73 Chrome/47.0.2526.73 Safari/537.36"
0:0:0:0:0:0:0:1 - - [07/Jan/2016:14:14:39 +0530] "GET /tryitframe.jag?code=%26lt%25%0A%20response.addHeader(%22custom-header%22%2C%20%22jaggery_response%22)%3B%0A%20print(%22Hello%20World%22)%3B%0A%20%25%26gt HTTP/1.1" 200 1482 "http://localhost:9763/apidocs/response.jag" "Mozilla/5.0 (X11; Linux x86_64) AppleWebKit/537.36 (KHTML, like Gecko) Ubuntu Chromium/47.0.2526.73 Chrome/47.0.2526.73 Safari/537.36"
0:0:0:0:0:0:0:1 - - [07/Jan/2016:14:14:40 +0530] "GET /js/tryit.jag HTTP/1.1" 200 615 "http://localhost:9763/tryitframe.jag?code=%26lt%25%0A%20response.addHeader(%22custom-header%22%2C%20%22jaggery_response%22)%3B%0A%20print(%22Hello%20World%22)%3B%0A%20%25%26gt" "Mozilla/5.0 (X11; Linux x86_64) AppleWebKit/537.36 (KHTML, like Gecko) Ubuntu Chromium/47.0.2526.73 Chrome/47.0.2526.73 Safari/537.36"
0:0:0:0:0:0:0:1 - - [07/Jan/2016:14:16:27 +0530] "GET /apidocs/request.jag HTTP/1.1" 200 4610 "http://localhost:9763/apidocs/response.jag" "Mozilla/5.0 (X11; Linux x86_64) AppleWebKit/537.36 (KHTML, like Gecko) Ubuntu Chromium/47.0.2526.73 Chrome/47.0.2526.73 Safari/537.36"
0:0:0:0:0:0:0:1 - - [07/Jan/2016:14:16:27 +0530] "GET /apidocs/%3C%22%=context/js/bootstrap-twipsy.js%22 HTTP/1.1" 400 - "http://localhost:9763/apidocs/request.jag" "Mozilla/5.0 (X11; Linux x86_64) AppleWebKit/537.36 (KHTML, like Gecko) Ubuntu Chromium/47.0.2526.73 Chrome/47.0.2526.73 Safari/537.36"
0:0:0:0:0:0:0:1 - - [07/Jan/2016:14:16:27 +0530] "GET /tryitframe.jag?code=%26lt%25%0A%20print(%22%26lthtml%26gt%26ltbody%26gt%22)%3B%0A%20print(%22Method%20%3A%20%22%20%2B%20request.getMethod()%20%2B%20%22%26lt%3Bbr%2F%26gt%22)%3B%0A%20print(%22Protocol%20%3A%20%22%20%2B%20request.getProtocol()%20%2B%20%22%26lt%3Bbr%2F%26gt%22)%3B%0A%20print(%22User-Agent%20%3A%20%22%20%2B%20request.getHeader(%22User-Agent%22))%3B%0A%20print(%22%26lt%2Fbody%26gt%26lt%2Fhtml%26gt%22)%3B%0A%20%25%26gt HTTP/1.1" 200 1530 "http://localhost:9763/apidocs/request.jag" "Mozilla/5.0 (X11; Linux x86_64) AppleWebKit/537.36 (KHTML, like Gecko) Ubuntu Chromium/47.0.2526.73 Chrome/47.0.2526.73 Safari/537.36"
0:0:0:0:0:0:0:1 - - [07/Jan/2016:14:16:28 +0530] "GET /js/tryit.jag HTTP/1.1" 200 615 "http://localhost:9763/tryitframe.jag?code=%26lt%25%0A%20print(%22%26lthtml%26gt%26ltbody%26gt%22)%3B%0A%20print(%22Method%20%3A%20%22%20%2B%20request.getMethod()%20%2B%20%22%26lt%3Bbr%2F%26gt%22)%3B%0A%20print(%22Protocol%20%3A%20%22%20%2B%20request.getProtocol()%20%2B%20%22%26lt%3Bbr%2F%26gt%22)%3B%0A%20print(%22User-Agent%20%3A%20%22%20%2B%20request.getHeader(%22User-Agent%22))%3B%0A%20print(%22%26lt%2Fbody%26gt%26lt%2Fhtml%26gt%22)%3B%0A%20%25%26gt" "Mozilla/5.0 (X11; Linux x86_64) AppleWebKit/537.36 (KHTML, like Gecko) Ubuntu Chromium/47.0.2526.73 Chrome/47.0.2526.73 Safari/537.36"
0:0:0:0:0:0:0:1 - - [07/Jan/2016:14:17:13 +0530] "GET /swagger/test.jag HTTP/1.1" 200 213 "-" "Mozilla/5.0 (X11; Linux x86_64) AppleWebKit/537.36 (KHTML, like Gecko) Ubuntu Chromium/47.0.2526.73 Chrome/47.0.2526.73 Safari/537.36"
0:0:0:0:0:0:0:1 - - [07/Jan/2016:14:18:04 +0530] "GET /apidocs/post.jag HTTP/1.1" 200 3801 "http://localhost:9763/apidocs/request.jag" "Mozilla/5.0 (X11; Linux x86_64) AppleWebKit/537.36 (KHTML, like Gecko) Ubuntu Chromium/47.0.2526.73 Chrome/47.0.2526.73 Safari/537.36"
0:0:0:0:0:0:0:1 - - [07/Jan/2016:14:18:04 +0530] "GET /apidocs/%3C%22%=context/js/bootstrap-twipsy.js%22 HTTP/1.1" 400 - "http://localhost:9763/apidocs/post.jag" "Mozilla/5.0 (X11; Linux x86_64) AppleWebKit/537.36 (KHTML, like Gecko) Ubuntu Chromium/47.0.2526.73 Chrome/47.0.2526.73 Safari/537.36"
0:0:0:0:0:0:0:1 - - [07/Jan/2016:14:18:04 +0530] "GET /tryitframe.jag?code=%26lt%25%0A%20var%20url%20%3D%20%27http%3A%2F%2Fjaggeryjs.org%2Fapidocs%2Fresources%2Fdata.jag%27%3B%0A%20var%20result%20%3D%20post(url%2C%20%27Jaggery%20HTTP%20POST%27%2C%20%7B%0A%20%20%20%22User-Agent%22%20%3A%20%22Jaggery-XHR%22%2C%0A%20%20%20%22Country%22%20%3A%20%22LK%22%0A%20%7D%2C%20%27json%27)%3B%0A%20print(result.data)%3B%0A%20%25%26gt HTTP/1.1" 200 1570 "http://localhost:9763/apidocs/post.jag" "Mozilla/5.0 (X11; Linux x86_64) AppleWebKit/537.36 (KHTML, like Gecko) Ubuntu Chromium/47.0.2526.73 Chrome/47.0.2526.73 Safari/537.36"
0:0:0:0:0:0:0:1 - - [07/Jan/2016:14:18:04 +0530] "GET /js/tryit.jag HTTP/1.1" 200 615 "http://localhost:9763/tryitframe.jag?code=%26lt%25%0A%20var%20url%20%3D%20%27http%3A%2F%2Fjaggeryjs.org%2Fapidocs%2Fresources%2Fdata.jag%27%3B%0A%20var%20result%20%3D%20post(url%2C%20%27Jaggery%20HTTP%20POST%27%2C%20%7B%0A%20%20%20%22User-Agent%22%20%3A%20%22Jaggery-XHR%22%2C%0A%20%20%20%22Country%22%20%3A%20%22LK%22%0A%20%7D%2C%20%27json%27)%3B%0A%20print(result.data)%3B%0A%20%25%26gt" "Mozilla/5.0 (X11; Linux x86_64) AppleWebKit/537.36 (KHTML, like Gecko) Ubuntu Chromium/47.0.2526.73 Chrome/47.0.2526.73 Safari/537.36"
0:0:0:0:0:0:0:1 - - [07/Jan/2016:14:18:25 +0530] "GET /swagger/test.jag HTTP/1.1" 500 1525 "-" "Mozilla/5.0 (X11; Linux x86_64) AppleWebKit/537.36 (KHTML, like Gecko) Ubuntu Chromium/47.0.2526.73 Chrome/47.0.2526.73 Safari/537.36"
0:0:0:0:0:0:0:1 - - [07/Jan/2016:14:24:40 +0530] "GET /swagger/ HTTP/1.1" 200 203 "-" "Mozilla/5.0 (X11; Linux x86_64) AppleWebKit/537.36 (KHTML, like Gecko) Ubuntu Chromium/47.0.2526.73 Chrome/47.0.2526.73 Safari/537.36"
0:0:0:0:0:0:0:1 - - [07/Jan/2016:14:24:44 +0530] "POST /swagger/ HTTP/1.1" 500 1318 "http://localhost:9763/swagger/" "Mozilla/5.0 (X11; Linux x86_64) AppleWebKit/537.36 (KHTML, like Gecko) Ubuntu Chromium/47.0.2526.73 Chrome/47.0.2526.73 Safari/537.36"
0:0:0:0:0:0:0:1 - - [07/Jan/2016:14:25:23 +0530] "GET /swagger/ HTTP/1.1" 500 1858 "-" "Mozilla/5.0 (X11; Linux x86_64) AppleWebKit/537.36 (KHTML, like Gecko) Ubuntu Chromium/47.0.2526.73 Chrome/47.0.2526.73 Safari/537.36"
0:0:0:0:0:0:0:1 - - [07/Jan/2016:14:25:25 +0530] "GET /swagger/ HTTP/1.1" 500 1858 "-" "Mozilla/5.0 (X11; Linux x86_64) AppleWebKit/537.36 (KHTML, like Gecko) Ubuntu Chromium/47.0.2526.73 Chrome/47.0.2526.73 Safari/537.36"
0:0:0:0:0:0:0:1 - - [07/Jan/2016:14:25:32 +0530] "GET /swagger/ HTTP/1.1" 500 1858 "-" "Mozilla/5.0 (X11; Linux x86_64) AppleWebKit/537.36 (KHTML, like Gecko) Ubuntu Chromium/47.0.2526.73 Chrome/47.0.2526.73 Safari/537.36"
0:0:0:0:0:0:0:1 - - [07/Jan/2016:14:26:15 +0530] "GET /swagger/ HTTP/1.1" 500 1858 "-" "Mozilla/5.0 (X11; Linux x86_64) AppleWebKit/537.36 (KHTML, like Gecko) Ubuntu Chromium/47.0.2526.73 Chrome/47.0.2526.73 Safari/537.36"
0:0:0:0:0:0:0:1 - - [07/Jan/2016:14:26:17 +0530] "GET /swagger/ HTTP/1.1" 500 1858 "-" "Mozilla/5.0 (X11; Linux x86_64) AppleWebKit/537.36 (KHTML, like Gecko) Ubuntu Chromium/47.0.2526.73 Chrome/47.0.2526.73 Safari/537.36"
0:0:0:0:0:0:0:1 - - [07/Jan/2016:14:27:52 +0530] "GET /swagger/ HTTP/1.1" 200 203 "-" "Mozilla/5.0 (X11; Linux x86_64) AppleWebKit/537.36 (KHTML, like Gecko) Ubuntu Chromium/47.0.2526.73 Chrome/47.0.2526.73 Safari/537.36"
0:0:0:0:0:0:0:1 - - [07/Jan/2016:14:27:56 +0530] "POST /swagger/ HTTP/1.1" 200 245 "http://localhost:9763/swagger/" "Mozilla/5.0 (X11; Linux x86_64) AppleWebKit/537.36 (KHTML, like Gecko) Ubuntu Chromium/47.0.2526.73 Chrome/47.0.2526.73 Safari/537.36"
0:0:0:0:0:0:0:1 - - [07/Jan/2016:14:27:56 +0530] "GET /swagger/javaClientSdk.zip HTTP/1.1" 200 30306 "http://localhost:9763/swagger/" "Mozilla/5.0 (X11; Linux x86_64) AppleWebKit/537.36 (KHTML, like Gecko) Ubuntu Chromium/47.0.2526.73 Chrome/47.0.2526.73 Safari/537.36"
0:0:0:0:0:0:0:1 - - [07/Jan/2016:14:28:31 +0530] "POST /swagger/ HTTP/1.1" 200 245 "http://localhost:9763/swagger/" "Mozilla/5.0 (X11; Linux x86_64) AppleWebKit/537.36 (KHTML, like Gecko) Ubuntu Chromium/47.0.2526.73 Chrome/47.0.2526.73 Safari/537.36"
0:0:0:0:0:0:0:1 - - [07/Jan/2016:14:28:31 +0530] "GET /swagger/javaClientSdk.zip HTTP/1.1" 200 30278 "http://localhost:9763/swagger/" "Mozilla/5.0 (X11; Linux x86_64) AppleWebKit/537.36 (KHTML, like Gecko) Ubuntu Chromium/47.0.2526.73 Chrome/47.0.2526.73 Safari/537.36"
0:0:0:0:0:0:0:1 - - [07/Jan/2016:14:31:41 +0530] "GET /swagger/ HTTP/1.1" 200 203 "-" "Mozilla/5.0 (X11; Linux x86_64) AppleWebKit/537.36 (KHTML, like Gecko) Ubuntu Chromium/47.0.2526.73 Chrome/47.0.2526.73 Safari/537.36"
0:0:0:0:0:0:0:1 - - [07/Jan/2016:14:31:45 +0530] "POST /swagger/ HTTP/1.1" 200 295 "http://localhost:9763/swagger/" "Mozilla/5.0 (X11; Linux x86_64) AppleWebKit/537.36 (KHTML, like Gecko) Ubuntu Chromium/47.0.2526.73 Chrome/47.0.2526.73 Safari/537.36"
0:0:0:0:0:0:0:1 - - [07/Jan/2016:14:31:45 +0530] "GET /swagger/javaClientSdk.zip HTTP/1.1" 200 30300 "http://localhost:9763/swagger/" "Mozilla/5.0 (X11; Linux x86_64) AppleWebKit/537.36 (KHTML, like Gecko) Ubuntu Chromium/47.0.2526.73 Chrome/47.0.2526.73 Safari/537.36"
0:0:0:0:0:0:0:1 - - [07/Jan/2016:14:33:02 +0530] "GET /swagger/ HTTP/1.1" 200 125 "-" "Mozilla/5.0 (X11; Linux x86_64) AppleWebKit/537.36 (KHTML, like Gecko) Ubuntu Chromium/47.0.2526.73 Chrome/47.0.2526.73 Safari/537.36"
0:0:0:0:0:0:0:1 - - [07/Jan/2016:14:33:15 +0530] "POST /swagger/ HTTP/1.1" 200 217 "http://localhost:9763/swagger/" "Mozilla/5.0 (X11; Linux x86_64) AppleWebKit/537.36 (KHTML, like Gecko) Ubuntu Chromium/47.0.2526.73 Chrome/47.0.2526.73 Safari/537.36"
0:0:0:0:0:0:0:1 - - [07/Jan/2016:14:33:15 +0530] "GET /swagger/javaClientSdk.zip HTTP/1.1" 200 30289 "http://localhost:9763/swagger/" "Mozilla/5.0 (X11; Linux x86_64) AppleWebKit/537.36 (KHTML, like Gecko) Ubuntu Chromium/47.0.2526.73 Chrome/47.0.2526.73 Safari/537.36"
0:0:0:0:0:0:0:1 - - [07/Jan/2016:14:33:54 +0530] "POST /swagger/ HTTP/1.1" 200 217 "http://localhost:9763/swagger/" "Mozilla/5.0 (X11; Linux x86_64) AppleWebKit/537.36 (KHTML, like Gecko) Ubuntu Chromium/47.0.2526.73 Chrome/47.0.2526.73 Safari/537.36"
0:0:0:0:0:0:0:1 - - [07/Jan/2016:14:33:54 +0530] "GET /swagger/javaClientSdk.zip HTTP/1.1" 200 30299 "http://localhost:9763/swagger/" "Mozilla/5.0 (X11; Linux x86_64) AppleWebKit/537.36 (KHTML, like Gecko) Ubuntu Chromium/47.0.2526.73 Chrome/47.0.2526.73 Safari/537.36"
0:0:0:0:0:0:0:1 - - [07/Jan/2016:14:33:58 +0530] "POST /swagger/ HTTP/1.1" 200 217 "http://localhost:9763/swagger/" "Mozilla/5.0 (X11; Linux x86_64) AppleWebKit/537.36 (KHTML, like Gecko) Ubuntu Chromium/47.0.2526.73 Chrome/47.0.2526.73 Safari/537.36"
0:0:0:0:0:0:0:1 - - [07/Jan/2016:14:33:58 +0530] "GET /swagger/javaClientSdk.zip HTTP/1.1" 200 30299 "http://localhost:9763/swagger/" "Mozilla/5.0 (X11; Linux x86_64) AppleWebKit/537.36 (KHTML, like Gecko) Ubuntu Chromium/47.0.2526.73 Chrome/47.0.2526.73 Safari/537.36"
10.100.4.42 - - [07/Jan/2016:14:34:33 +0530] "GET /swagger/ HTTP/1.1" 200 125 "http://www.google.com/url?q=http%3A%2F%2F10.100.4.166%3A9763%2Fswagger%2F&sa=D&sntz=1&usg=AFQjCNEGJbMyi8UgL8twgdgewYYhEFpynw" "Mozilla/5.0 (X11; Linux x86_64) AppleWebKit/537.36 (KHTML, like Gecko) Chrome/47.0.2526.106 Safari/537.36"
10.100.4.42 - - [07/Jan/2016:14:34:38 +0530] "POST /swagger/ HTTP/1.1" 200 217 "http://10.100.4.166:9763/swagger/" "Mozilla/5.0 (X11; Linux x86_64) AppleWebKit/537.36 (KHTML, like Gecko) Chrome/47.0.2526.106 Safari/537.36"
10.100.4.42 - - [07/Jan/2016:14:34:38 +0530] "GET /swagger/javaClientSdk.zip HTTP/1.1" 200 30275 "http://10.100.4.166:9763/swagger/" "Mozilla/5.0 (X11; Linux x86_64) AppleWebKit/537.36 (KHTML, like Gecko) Chrome/47.0.2526.106 Safari/537.36"
10.100.4.42 - - [07/Jan/2016:14:34:50 +0530] "POST /swagger/ HTTP/1.1" 200 217 "http://10.100.4.166:9763/swagger/" "Mozilla/5.0 (X11; Linux x86_64) AppleWebKit/537.36 (KHTML, like Gecko) Chrome/47.0.2526.106 Safari/537.36"
10.100.4.42 - - [07/Jan/2016:14:34:50 +0530] "GET /swagger/javaClientSdk.zip HTTP/1.1" 200 30303 "http://10.100.4.166:9763/swagger/" "Mozilla/5.0 (X11; Linux x86_64) AppleWebKit/537.36 (KHTML, like Gecko) Chrome/47.0.2526.106 Safari/537.36"
10.100.4.42 - - [07/Jan/2016:14:35:03 +0530] "POST /swagger/ HTTP/1.1" 200 217 "http://10.100.4.166:9763/swagger/" "Mozilla/5.0 (X11; Linux x86_64) AppleWebKit/537.36 (KHTML, like Gecko) Chrome/47.0.2526.106 Safari/537.36"
10.100.4.42 - - [07/Jan/2016:14:35:03 +0530] "GET /swagger/javaClientSdk.zip HTTP/1.1" 200 30289 "http://10.100.4.166:9763/swagger/" "Mozilla/5.0 (X11; Linux x86_64) AppleWebKit/537.36 (KHTML, like Gecko) Chrome/47.0.2526.106 Safari/537.36"
0:0:0:0:0:0:0:1 - - [07/Jan/2016:14:38:58 +0530] "POST /swagger/ HTTP/1.1" 200 217 "http://localhost:9763/swagger/" "Mozilla/5.0 (X11; Linux x86_64) AppleWebKit/537.36 (KHTML, like Gecko) Ubuntu Chromium/47.0.2526.73 Chrome/47.0.2526.73 Safari/537.36"
0:0:0:0:0:0:0:1 - - [07/Jan/2016:14:38:58 +0530] "GET /swagger/javaClientSdk.zip HTTP/1.1" 200 30297 "http://localhost:9763/swagger/" "Mozilla/5.0 (X11; Linux x86_64) AppleWebKit/537.36 (KHTML, like Gecko) Ubuntu Chromium/47.0.2526.73 Chrome/47.0.2526.73 Safari/537.36"
0:0:0:0:0:0:0:1 - - [07/Jan/2016:14:39:29 +0530] "GET /swagger/ HTTP/1.1" 200 125 "-" "Mozilla/5.0 (X11; Linux x86_64) AppleWebKit/537.36 (KHTML, like Gecko) Ubuntu Chromium/47.0.2526.73 Chrome/47.0.2526.73 Safari/537.36"
0:0:0:0:0:0:0:1 - - [07/Jan/2016:14:52:12 +0530] "POST /swagger/ HTTP/1.1" 200 217 "http://localhost:9763/swagger/" "Mozilla/5.0 (X11; Linux x86_64) AppleWebKit/537.36 (KHTML, like Gecko) Ubuntu Chromium/47.0.2526.73 Chrome/47.0.2526.73 Safari/537.36"
0:0:0:0:0:0:0:1 - - [07/Jan/2016:14:52:12 +0530] "GET /swagger/javaClientSdk.zip HTTP/1.1" 200 30294 "http://localhost:9763/swagger/" "Mozilla/5.0 (X11; Linux x86_64) AppleWebKit/537.36 (KHTML, like Gecko) Ubuntu Chromium/47.0.2526.73 Chrome/47.0.2526.73 Safari/537.36"
0:0:0:0:0:0:0:1 - - [07/Jan/2016:14:52:51 +0530] "GET /swagger/ HTTP/1.1" 200 125 "-" "Mozilla/5.0 (X11; Linux x86_64) AppleWebKit/537.36 (KHTML, like Gecko) Ubuntu Chromium/47.0.2526.73 Chrome/47.0.2526.73 Safari/537.36"
0:0:0:0:0:0:0:1 - - [07/Jan/2016:14:53:00 +0530] "POST /swagger/ HTTP/1.1" 200 217 "http://localhost:9763/swagger/" "Mozilla/5.0 (X11; Linux x86_64) AppleWebKit/537.36 (KHTML, like Gecko) Ubuntu Chromium/47.0.2526.73 Chrome/47.0.2526.73 Safari/537.36"
0:0:0:0:0:0:0:1 - - [07/Jan/2016:14:53:00 +0530] "GET /swagger/javaClientSdk.zip HTTP/1.1" 200 30289 "http://localhost:9763/swagger/" "Mozilla/5.0 (X11; Linux x86_64) AppleWebKit/537.36 (KHTML, like Gecko) Ubuntu Chromium/47.0.2526.73 Chrome/47.0.2526.73 Safari/537.36"
0:0:0:0:0:0:0:1 - - [07/Jan/2016:14:53:16 +0530] "GET /swagger/ HTTP/1.1" 200 125 "-" "Mozilla/5.0 (X11; Linux x86_64) AppleWebKit/537.36 (KHTML, like Gecko) Ubuntu Chromium/47.0.2526.73 Chrome/47.0.2526.73 Safari/537.36"
