TID: [0] [] [2016-01-13 10:25:18,045]  INFO {org.wso2.carbon.core.internal.CarbonCoreActivator} -  Starting WSO2 Carbon... {org.wso2.carbon.core.internal.CarbonCoreActivator}
TID: [0] [] [2016-01-13 10:25:18,047]  INFO {org.wso2.carbon.core.internal.CarbonCoreActivator} -  Operating System : Linux 3.13.0-74-generic, amd64 {org.wso2.carbon.core.internal.CarbonCoreActivator}
TID: [0] [] [2016-01-13 10:25:18,047]  INFO {org.wso2.carbon.core.internal.CarbonCoreActivator} -  Java Home        : /home/randika/Documents/WSO2_stuff/jdk1.7.0_79/jre {org.wso2.carbon.core.internal.CarbonCoreActivator}
TID: [0] [] [2016-01-13 10:25:18,048]  INFO {org.wso2.carbon.core.internal.CarbonCoreActivator} -  Java Version     : 1.7.0_79 {org.wso2.carbon.core.internal.CarbonCoreActivator}
TID: [0] [] [2016-01-13 10:25:18,048]  INFO {org.wso2.carbon.core.internal.CarbonCoreActivator} -  Java VM          : Java HotSpot(TM) 64-Bit Server VM 24.79-b02,Oracle Corporation {org.wso2.carbon.core.internal.CarbonCoreActivator}
TID: [0] [] [2016-01-13 10:25:18,048]  INFO {org.wso2.carbon.core.internal.CarbonCoreActivator} -  Carbon Home      : /home/randika/Documents/WSO2_stuff/jaggery-0.9.0-SNAPSHOT/carbon {org.wso2.carbon.core.internal.CarbonCoreActivator}
TID: [0] [] [2016-01-13 10:25:18,048]  INFO {org.wso2.carbon.core.internal.CarbonCoreActivator} -  Java Temp Dir    : /home/randika/Documents/WSO2_stuff/jaggery-0.9.0-SNAPSHOT/carbon/tmp {org.wso2.carbon.core.internal.CarbonCoreActivator}
TID: [0] [] [2016-01-13 10:25:18,048]  INFO {org.wso2.carbon.core.internal.CarbonCoreActivator} -  User             : randika, en-US, Asia/Colombo {org.wso2.carbon.core.internal.CarbonCoreActivator}
TID: [0] [] [2016-01-13 10:25:20,483]  INFO {org.wso2.carbon.registry.core.jdbc.EmbeddedRegistryService} -  Configured Registry in 91ms {org.wso2.carbon.registry.core.jdbc.EmbeddedRegistryService}
TID: [0] [] [2016-01-13 10:25:20,657]  INFO {org.wso2.carbon.registry.core.internal.RegistryCoreServiceComponent} -  Registry Mode    : READ-WRITE {org.wso2.carbon.registry.core.internal.RegistryCoreServiceComponent}
TID: [0] [] [2016-01-13 10:25:21,951]  INFO {org.apache.axis2.deployment.ClusterBuilder} -  Clustering has been disabled {org.apache.axis2.deployment.ClusterBuilder}
TID: [0] [] [2016-01-13 10:25:21,951]  INFO {org.apache.axis2.deployment.ClusterBuilder} -  Clustering has been disabled {org.apache.axis2.deployment.ClusterBuilder}
TID: [0] [] [2016-01-13 10:25:22,378]  INFO {org.wso2.carbon.core.CarbonAxisConfigurator} -  No modules directory was found under /home/randika/Documents/WSO2_stuff/jaggery-0.9.0-SNAPSHOT. {org.wso2.carbon.core.CarbonAxisConfigurator}
TID: [0] [] [2016-01-13 10:25:22,466]  INFO {org.apache.axis2.transport.tcp.TCPTransportSender} -  TCP Sender started {org.apache.axis2.transport.tcp.TCPTransportSender}
TID: [0] [] [2016-01-13 10:25:22,466]  INFO {org.apache.axis2.transport.tcp.TCPTransportSender} -  TCP Sender started {org.apache.axis2.transport.tcp.TCPTransportSender}
TID: [0] [] [2016-01-13 10:25:24,884]  INFO {org.jaggeryjs.jaggery.app.mgt.TomcatJaggeryWebappsDeployer} -  Deployed webapp: StandardEngine[Catalina].StandardHost[localhost].StandardContext[/coffeeshop].File[/home/randika/Documents/WSO2_stuff/jaggery-0.9.0-SNAPSHOT/apps/coffeeshop] {org.jaggeryjs.jaggery.app.mgt.TomcatJaggeryWebappsDeployer}
TID: [0] [] [2016-01-13 10:25:25,856]  INFO {JAGGERY.init:js} -  Initializing sample Jaggery app {JAGGERY.init:js}
TID: [0] [] [2016-01-13 10:25:25,857]  INFO {org.jaggeryjs.jaggery.app.mgt.TomcatJaggeryWebappsDeployer} -  Deployed webapp: StandardEngine[Catalina].StandardHost[localhost].StandardContext[/sample].File[/home/randika/Documents/WSO2_stuff/jaggery-0.9.0-SNAPSHOT/apps/sample] {org.jaggeryjs.jaggery.app.mgt.TomcatJaggeryWebappsDeployer}
TID: [0] [] [2016-01-13 10:25:25,881]  INFO {org.jaggeryjs.jaggery.app.mgt.TomcatJaggeryWebappsDeployer} -  Deployed webapp: StandardEngine[Catalina].StandardHost[localhost].StandardContext[/taskmaster].File[/home/randika/Documents/WSO2_stuff/jaggery-0.9.0-SNAPSHOT/apps/taskmaster] {org.jaggeryjs.jaggery.app.mgt.TomcatJaggeryWebappsDeployer}
TID: [0] [] [2016-01-13 10:25:25,920]  INFO {org.jaggeryjs.jaggery.app.mgt.TomcatJaggeryWebappsDeployer} -  Deployed webapp: StandardEngine[Catalina].StandardHost[localhost].StandardContext[/freshometer].File[/home/randika/Documents/WSO2_stuff/jaggery-0.9.0-SNAPSHOT/apps/freshometer] {org.jaggeryjs.jaggery.app.mgt.TomcatJaggeryWebappsDeployer}
TID: [0] [] [2016-01-13 10:25:25,937]  INFO {org.jaggeryjs.jaggery.app.mgt.TomcatJaggeryWebappsDeployer} -  Deployed webapp: StandardEngine[Catalina].StandardHost[localhost].StandardContext[/helloapp].File[/home/randika/Documents/WSO2_stuff/jaggery-0.9.0-SNAPSHOT/apps/helloapp] {org.jaggeryjs.jaggery.app.mgt.TomcatJaggeryWebappsDeployer}
TID: [0] [] [2016-01-13 10:25:25,995]  INFO {org.jaggeryjs.jaggery.app.mgt.TomcatJaggeryWebappsDeployer} -  Deployed webapp: StandardEngine[Catalina].StandardHost[localhost].StandardContext[/].File[/home/randika/Documents/WSO2_stuff/jaggery-0.9.0-SNAPSHOT/apps/ROOT] {org.jaggeryjs.jaggery.app.mgt.TomcatJaggeryWebappsDeployer}
TID: [0] [] [2016-01-13 10:25:26,015]  INFO {org.jaggeryjs.jaggery.app.mgt.TomcatJaggeryWebappsDeployer} -  Deployed webapp: StandardEngine[Catalina].StandardHost[localhost].StandardContext[/swagger].File[/home/randika/Documents/WSO2_stuff/jaggery-0.9.0-SNAPSHOT/apps/swagger] {org.jaggeryjs.jaggery.app.mgt.TomcatJaggeryWebappsDeployer}
TID: [0] [] [2016-01-13 10:25:26,069]  INFO {org.jaggeryjs.jaggery.app.mgt.TomcatJaggeryWebappsDeployer} -  Deployed webapp: StandardEngine[Catalina].StandardHost[localhost].StandardContext[/shout].File[/home/randika/Documents/WSO2_stuff/jaggery-0.9.0-SNAPSHOT/apps/shout] {org.jaggeryjs.jaggery.app.mgt.TomcatJaggeryWebappsDeployer}
TID: [0] [] [2016-01-13 10:25:26,431]  INFO {org.apache.axis2.deployment.ModuleDeployer} -  Deploying module: addressing-1.6.1-wso2v7 - file:/home/randika/Documents/WSO2_stuff/jaggery-0.9.0-SNAPSHOT/carbon/repository/deployment/client/modules/addressing-1.6.1-wso2v7.mar {org.apache.axis2.deployment.ModuleDeployer}
TID: [0] [] [2016-01-13 10:25:26,431]  INFO {org.apache.axis2.deployment.ModuleDeployer} -  Deploying module: addressing-1.6.1-wso2v7 - file:/home/randika/Documents/WSO2_stuff/jaggery-0.9.0-SNAPSHOT/carbon/repository/deployment/client/modules/addressing-1.6.1-wso2v7.mar {org.apache.axis2.deployment.ModuleDeployer}
TID: [0] [] [2016-01-13 10:25:26,433]  INFO {org.apache.axis2.transport.tcp.TCPTransportSender} -  TCP Sender started {org.apache.axis2.transport.tcp.TCPTransportSender}
TID: [0] [] [2016-01-13 10:25:26,433]  INFO {org.apache.axis2.transport.tcp.TCPTransportSender} -  TCP Sender started {org.apache.axis2.transport.tcp.TCPTransportSender}
TID: [0] [] [2016-01-13 10:25:27,933]  INFO {org.wso2.carbon.core.init.CarbonServerManager} -  Repository       : /home/randika/Documents/WSO2_stuff/jaggery-0.9.0-SNAPSHOT/ {org.wso2.carbon.core.init.CarbonServerManager}
TID: [0] [] [2016-01-13 10:25:27,969]  INFO {org.wso2.carbon.core.internal.permission.update.PermissionUpdater} -  Permission cache updated for tenant -1234 {org.wso2.carbon.core.internal.permission.update.PermissionUpdater}
TID: [0] [] [2016-01-13 10:25:28,022]  INFO {org.wso2.carbon.core.transports.http.HttpsTransportListener} -  HTTPS port       : 9443 {org.wso2.carbon.core.transports.http.HttpsTransportListener}
TID: [0] [] [2016-01-13 10:25:28,022]  INFO {org.wso2.carbon.core.transports.http.HttpTransportListener} -  HTTP port        : 9763 {org.wso2.carbon.core.transports.http.HttpTransportListener}
TID: [0] [] [2016-01-13 10:25:28,807]  INFO {org.wso2.carbon.core.init.JMXServerManager} -  JMX Service URL  : service:jmx:rmi://localhost:11111/jndi/rmi://localhost:9999/jmxrmi {org.wso2.carbon.core.init.JMXServerManager}
TID: [0] [] [2016-01-13 10:25:28,807]  INFO {org.wso2.carbon.core.internal.StartupFinalizerServiceComponent} -  Server           :  Jaggery Runtime-0.9.0-SNAPSHOT {org.wso2.carbon.core.internal.StartupFinalizerServiceComponent}
TID: [0] [] [2016-01-13 10:25:28,808]  INFO {org.wso2.carbon.core.internal.StartupFinalizerServiceComponent} -  WSO2 Carbon started in 17 sec {org.wso2.carbon.core.internal.StartupFinalizerServiceComponent}
TID: [0] [] [2016-01-13 10:25:29,082]  INFO {org.wso2.carbon.ui.internal.CarbonUIServiceComponent} -  Mgt Console URL  : https://10.100.4.166:9443/admin/carbon/ {org.wso2.carbon.ui.internal.CarbonUIServiceComponent}
TID: [0] [] [2016-01-13 14:00:17,096]  INFO {org.wso2.carbon.core.init.CarbonServerManager} -  Shutdown hook triggered.... {org.wso2.carbon.core.init.CarbonServerManager}
TID: [0] [] [2016-01-13 14:00:17,106]  INFO {org.wso2.carbon.core.init.CarbonServerManager} -  Gracefully shutting down Jaggery Runtime... {org.wso2.carbon.core.init.CarbonServerManager}
TID: [0] [] [2016-01-13 14:00:17,158]  INFO {org.wso2.carbon.core.ServerManagement} -  Starting to switch to maintenance mode... {org.wso2.carbon.core.ServerManagement}
TID: [0] [] [2016-01-13 14:00:19,373]  INFO {org.wso2.carbon.core.ServerManagement} -  Stopped all transport listeners {org.wso2.carbon.core.ServerManagement}
TID: [0] [] [2016-01-13 14:00:19,373]  INFO {org.wso2.carbon.core.ServerManagement} -  Waiting for request service completion... {org.wso2.carbon.core.ServerManagement}
TID: [0] [] [2016-01-13 14:00:19,395]  INFO {org.wso2.carbon.core.ServerManagement} -  All requests have been served. {org.wso2.carbon.core.ServerManagement}
TID: [0] [] [2016-01-13 14:00:19,395]  INFO {org.wso2.carbon.core.ServerManagement} -  Waiting for deployment completion... {org.wso2.carbon.core.ServerManagement}
TID: [0] [] [2016-01-13 14:00:19,488]  INFO {JAGGERY.destroy:js} -  Stopping sample Jaggery app {JAGGERY.destroy:js}
TID: [0] [] [2016-01-13 14:00:19,573]  INFO {org.wso2.carbon.webapp.mgt.WebApplication} -  Unloaded webapp: StandardEngine[Catalina].StandardHost[localhost].StandardContext[/sample] {org.wso2.carbon.webapp.mgt.WebApplication}
TID: [0] [] [2016-01-13 14:00:19,589]  INFO {org.wso2.carbon.webapp.mgt.WebApplication} -  Unloaded webapp: StandardEngine[Catalina].StandardHost[localhost].StandardContext[/coffeeshop] {org.wso2.carbon.webapp.mgt.WebApplication}
TID: [0] [] [2016-01-13 14:00:19,598]  INFO {org.wso2.carbon.webapp.mgt.WebApplication} -  Unloaded webapp: StandardEngine[Catalina].StandardHost[localhost].StandardContext[/taskmaster] {org.wso2.carbon.webapp.mgt.WebApplication}
TID: [0] [] [2016-01-13 14:00:19,611]  INFO {org.wso2.carbon.webapp.mgt.WebApplication} -  Unloaded webapp: StandardEngine[Catalina].StandardHost[localhost].StandardContext[/] {org.wso2.carbon.webapp.mgt.WebApplication}
TID: [0] [] [2016-01-13 14:00:19,626]  INFO {org.wso2.carbon.webapp.mgt.WebApplication} -  Unloaded webapp: StandardEngine[Catalina].StandardHost[localhost].StandardContext[/helloapp] {org.wso2.carbon.webapp.mgt.WebApplication}
TID: [0] [] [2016-01-13 14:00:19,650]  INFO {org.wso2.carbon.webapp.mgt.WebApplication} -  Unloaded webapp: StandardEngine[Catalina].StandardHost[localhost].StandardContext[/shout] {org.wso2.carbon.webapp.mgt.WebApplication}
TID: [0] [] [2016-01-13 14:00:19,670]  INFO {org.wso2.carbon.webapp.mgt.WebApplication} -  Unloaded webapp: StandardEngine[Catalina].StandardHost[localhost].StandardContext[/freshometer] {org.wso2.carbon.webapp.mgt.WebApplication}
TID: [0] [] [2016-01-13 14:00:19,677]  INFO {org.wso2.carbon.webapp.mgt.WebApplication} -  Unloaded webapp: StandardEngine[Catalina].StandardHost[localhost].StandardContext[/swagger] {org.wso2.carbon.webapp.mgt.WebApplication}
TID: [0] [] [2016-01-13 14:00:19,678]  INFO {org.wso2.carbon.core.ServerManagement} -  All deployment tasks have been completed. {org.wso2.carbon.core.ServerManagement}
TID: [0] [] [2016-01-13 14:00:19,678]  INFO {org.wso2.carbon.core.ServerManagement} -  Waiting for server task completion... {org.wso2.carbon.core.ServerManagement}
TID: [0] [] [2016-01-13 14:00:19,679]  INFO {org.wso2.carbon.core.ServerManagement} -  All server tasks have been completed. {org.wso2.carbon.core.ServerManagement}
TID: [0] [] [2016-01-13 14:00:19,679]  INFO {org.wso2.carbon.core.init.CarbonServerManager} -  Shutting down Jaggery Runtime... {org.wso2.carbon.core.init.CarbonServerManager}
TID: [0] [] [2016-01-13 14:00:19,680]  INFO {org.apache.axis2.transport.tcp.TCPTransportSender} -  TCP Sender Shutdown {org.apache.axis2.transport.tcp.TCPTransportSender}
TID: [0] [] [2016-01-13 14:00:19,680]  INFO {org.apache.axis2.transport.tcp.TCPTransportSender} -  TCP Sender Shutdown {org.apache.axis2.transport.tcp.TCPTransportSender}
TID: [0] [] [2016-01-13 14:00:19,693]  INFO {org.wso2.carbon.core.init.CarbonServerManager} -  Shutting down OSGi framework... {org.wso2.carbon.core.init.CarbonServerManager}
TID: [0] [] [2016-01-13 14:00:19,813]  INFO {org.wso2.carbon.core.init.CarbonServerManager} -  Stopping CarbonServerManager... {org.wso2.carbon.core.init.CarbonServerManager}
TID: [0] [] [2016-01-13 14:00:19,840]  INFO {org.wso2.carbon.tomcat.ext.internal.CarbonTomcatServiceComponent} -  Stopping the carbon web-app registered under : /admin {org.wso2.carbon.tomcat.ext.internal.CarbonTomcatServiceComponent}
TID: [0] [] [2016-01-13 14:00:21,659]  INFO {org.wso2.carbon.core.init.CarbonServerManager} -  Shutdown complete {org.wso2.carbon.core.init.CarbonServerManager}
TID: [0] [] [2016-01-13 14:00:21,659]  INFO {org.wso2.carbon.core.init.CarbonServerManager} -  Halting JVM {org.wso2.carbon.core.init.CarbonServerManager}
TID: [0] [] [2016-01-13 14:41:46,005]  INFO {org.wso2.carbon.core.internal.CarbonCoreActivator} -  Starting WSO2 Carbon... {org.wso2.carbon.core.internal.CarbonCoreActivator}
TID: [0] [] [2016-01-13 14:41:46,007]  INFO {org.wso2.carbon.core.internal.CarbonCoreActivator} -  Operating System : Linux 3.13.0-74-generic, amd64 {org.wso2.carbon.core.internal.CarbonCoreActivator}
TID: [0] [] [2016-01-13 14:41:46,007]  INFO {org.wso2.carbon.core.internal.CarbonCoreActivator} -  Java Home        : /home/randika/Documents/WSO2_stuff/jdk1.7.0_79/jre {org.wso2.carbon.core.internal.CarbonCoreActivator}
TID: [0] [] [2016-01-13 14:41:46,007]  INFO {org.wso2.carbon.core.internal.CarbonCoreActivator} -  Java Version     : 1.7.0_79 {org.wso2.carbon.core.internal.CarbonCoreActivator}
TID: [0] [] [2016-01-13 14:41:46,008]  INFO {org.wso2.carbon.core.internal.CarbonCoreActivator} -  Java VM          : Java HotSpot(TM) 64-Bit Server VM 24.79-b02,Oracle Corporation {org.wso2.carbon.core.internal.CarbonCoreActivator}
TID: [0] [] [2016-01-13 14:41:46,008]  INFO {org.wso2.carbon.core.internal.CarbonCoreActivator} -  Carbon Home      : /home/randika/Documents/WSO2_stuff/jaggery-0.9.0-SNAPSHOT/carbon {org.wso2.carbon.core.internal.CarbonCoreActivator}
TID: [0] [] [2016-01-13 14:41:46,008]  INFO {org.wso2.carbon.core.internal.CarbonCoreActivator} -  Java Temp Dir    : /home/randika/Documents/WSO2_stuff/jaggery-0.9.0-SNAPSHOT/carbon/tmp {org.wso2.carbon.core.internal.CarbonCoreActivator}
TID: [0] [] [2016-01-13 14:41:46,008]  INFO {org.wso2.carbon.core.internal.CarbonCoreActivator} -  User             : randika, en-US, Asia/Colombo {org.wso2.carbon.core.internal.CarbonCoreActivator}
TID: [0] [] [2016-01-13 14:41:50,155]  INFO {org.wso2.carbon.registry.core.jdbc.EmbeddedRegistryService} -  Configured Registry in 87ms {org.wso2.carbon.registry.core.jdbc.EmbeddedRegistryService}
TID: [0] [] [2016-01-13 14:41:50,316]  INFO {org.wso2.carbon.registry.core.internal.RegistryCoreServiceComponent} -  Registry Mode    : READ-WRITE {org.wso2.carbon.registry.core.internal.RegistryCoreServiceComponent}
TID: [0] [] [2016-01-13 14:41:51,544]  INFO {org.apache.axis2.deployment.ClusterBuilder} -  Clustering has been disabled {org.apache.axis2.deployment.ClusterBuilder}
TID: [0] [] [2016-01-13 14:41:51,544]  INFO {org.apache.axis2.deployment.ClusterBuilder} -  Clustering has been disabled {org.apache.axis2.deployment.ClusterBuilder}
TID: [0] [] [2016-01-13 14:41:51,908]  INFO {org.wso2.carbon.core.CarbonAxisConfigurator} -  No modules directory was found under /home/randika/Documents/WSO2_stuff/jaggery-0.9.0-SNAPSHOT. {org.wso2.carbon.core.CarbonAxisConfigurator}
TID: [0] [] [2016-01-13 14:41:51,988]  INFO {org.apache.axis2.transport.tcp.TCPTransportSender} -  TCP Sender started {org.apache.axis2.transport.tcp.TCPTransportSender}
TID: [0] [] [2016-01-13 14:41:51,988]  INFO {org.apache.axis2.transport.tcp.TCPTransportSender} -  TCP Sender started {org.apache.axis2.transport.tcp.TCPTransportSender}
TID: [0] [] [2016-01-13 14:41:52,322]  INFO {org.jaggeryjs.jaggery.app.mgt.TomcatJaggeryWebappsDeployer} -  Deployed webapp: StandardEngine[Catalina].StandardHost[localhost].StandardContext[/coffeeshop].File[/home/randika/Documents/WSO2_stuff/jaggery-0.9.0-SNAPSHOT/apps/coffeeshop] {org.jaggeryjs.jaggery.app.mgt.TomcatJaggeryWebappsDeployer}
TID: [0] [] [2016-01-13 14:41:53,180]  INFO {JAGGERY.init:js} -  Initializing sample Jaggery app {JAGGERY.init:js}
TID: [0] [] [2016-01-13 14:41:53,181]  INFO {org.jaggeryjs.jaggery.app.mgt.TomcatJaggeryWebappsDeployer} -  Deployed webapp: StandardEngine[Catalina].StandardHost[localhost].StandardContext[/sample].File[/home/randika/Documents/WSO2_stuff/jaggery-0.9.0-SNAPSHOT/apps/sample] {org.jaggeryjs.jaggery.app.mgt.TomcatJaggeryWebappsDeployer}
TID: [0] [] [2016-01-13 14:41:53,213]  INFO {org.jaggeryjs.jaggery.app.mgt.TomcatJaggeryWebappsDeployer} -  Deployed webapp: StandardEngine[Catalina].StandardHost[localhost].StandardContext[/taskmaster].File[/home/randika/Documents/WSO2_stuff/jaggery-0.9.0-SNAPSHOT/apps/taskmaster] {org.jaggeryjs.jaggery.app.mgt.TomcatJaggeryWebappsDeployer}
TID: [0] [] [2016-01-13 14:41:53,240]  INFO {org.jaggeryjs.jaggery.app.mgt.TomcatJaggeryWebappsDeployer} -  Deployed webapp: StandardEngine[Catalina].StandardHost[localhost].StandardContext[/freshometer].File[/home/randika/Documents/WSO2_stuff/jaggery-0.9.0-SNAPSHOT/apps/freshometer] {org.jaggeryjs.jaggery.app.mgt.TomcatJaggeryWebappsDeployer}
TID: [0] [] [2016-01-13 14:41:53,257]  INFO {org.jaggeryjs.jaggery.app.mgt.TomcatJaggeryWebappsDeployer} -  Deployed webapp: StandardEngine[Catalina].StandardHost[localhost].StandardContext[/helloapp].File[/home/randika/Documents/WSO2_stuff/jaggery-0.9.0-SNAPSHOT/apps/helloapp] {org.jaggeryjs.jaggery.app.mgt.TomcatJaggeryWebappsDeployer}
TID: [0] [] [2016-01-13 14:41:53,294]  INFO {org.jaggeryjs.jaggery.app.mgt.TomcatJaggeryWebappsDeployer} -  Deployed webapp: StandardEngine[Catalina].StandardHost[localhost].StandardContext[/].File[/home/randika/Documents/WSO2_stuff/jaggery-0.9.0-SNAPSHOT/apps/ROOT] {org.jaggeryjs.jaggery.app.mgt.TomcatJaggeryWebappsDeployer}
TID: [0] [] [2016-01-13 14:41:53,323]  INFO {org.jaggeryjs.jaggery.app.mgt.TomcatJaggeryWebappsDeployer} -  Deployed webapp: StandardEngine[Catalina].StandardHost[localhost].StandardContext[/swagger].File[/home/randika/Documents/WSO2_stuff/jaggery-0.9.0-SNAPSHOT/apps/swagger] {org.jaggeryjs.jaggery.app.mgt.TomcatJaggeryWebappsDeployer}
TID: [0] [] [2016-01-13 14:41:53,355]  INFO {org.jaggeryjs.jaggery.app.mgt.TomcatJaggeryWebappsDeployer} -  Deployed webapp: StandardEngine[Catalina].StandardHost[localhost].StandardContext[/shout].File[/home/randika/Documents/WSO2_stuff/jaggery-0.9.0-SNAPSHOT/apps/shout] {org.jaggeryjs.jaggery.app.mgt.TomcatJaggeryWebappsDeployer}
TID: [0] [] [2016-01-13 14:41:53,606]  INFO {org.apache.axis2.deployment.ModuleDeployer} -  Deploying module: addressing-1.6.1-wso2v7 - file:/home/randika/Documents/WSO2_stuff/jaggery-0.9.0-SNAPSHOT/carbon/repository/deployment/client/modules/addressing-1.6.1-wso2v7.mar {org.apache.axis2.deployment.ModuleDeployer}
TID: [0] [] [2016-01-13 14:41:53,606]  INFO {org.apache.axis2.deployment.ModuleDeployer} -  Deploying module: addressing-1.6.1-wso2v7 - file:/home/randika/Documents/WSO2_stuff/jaggery-0.9.0-SNAPSHOT/carbon/repository/deployment/client/modules/addressing-1.6.1-wso2v7.mar {org.apache.axis2.deployment.ModuleDeployer}
TID: [0] [] [2016-01-13 14:41:53,609]  INFO {org.apache.axis2.transport.tcp.TCPTransportSender} -  TCP Sender started {org.apache.axis2.transport.tcp.TCPTransportSender}
TID: [0] [] [2016-01-13 14:41:53,609]  INFO {org.apache.axis2.transport.tcp.TCPTransportSender} -  TCP Sender started {org.apache.axis2.transport.tcp.TCPTransportSender}
TID: [0] [] [2016-01-13 14:41:54,696]  INFO {org.wso2.carbon.core.init.CarbonServerManager} -  Repository       : /home/randika/Documents/WSO2_stuff/jaggery-0.9.0-SNAPSHOT/ {org.wso2.carbon.core.init.CarbonServerManager}
TID: [0] [] [2016-01-13 14:41:54,727]  INFO {org.wso2.carbon.core.internal.permission.update.PermissionUpdater} -  Permission cache updated for tenant -1234 {org.wso2.carbon.core.internal.permission.update.PermissionUpdater}
TID: [0] [] [2016-01-13 14:41:54,806]  INFO {org.wso2.carbon.core.transports.http.HttpsTransportListener} -  HTTPS port       : 9443 {org.wso2.carbon.core.transports.http.HttpsTransportListener}
TID: [0] [] [2016-01-13 14:41:54,807]  INFO {org.wso2.carbon.core.transports.http.HttpTransportListener} -  HTTP port        : 9763 {org.wso2.carbon.core.transports.http.HttpTransportListener}
TID: [0] [] [2016-01-13 14:41:55,750]  INFO {org.wso2.carbon.core.init.JMXServerManager} -  JMX Service URL  : service:jmx:rmi://localhost:11111/jndi/rmi://localhost:9999/jmxrmi {org.wso2.carbon.core.init.JMXServerManager}
TID: [0] [] [2016-01-13 14:41:55,750]  INFO {org.wso2.carbon.core.internal.StartupFinalizerServiceComponent} -  Server           :  Jaggery Runtime-0.9.0-SNAPSHOT {org.wso2.carbon.core.internal.StartupFinalizerServiceComponent}
TID: [0] [] [2016-01-13 14:41:55,751]  INFO {org.wso2.carbon.core.internal.StartupFinalizerServiceComponent} -  WSO2 Carbon started in 18 sec {org.wso2.carbon.core.internal.StartupFinalizerServiceComponent}
TID: [0] [] [2016-01-13 14:41:56,009]  INFO {org.wso2.carbon.ui.internal.CarbonUIServiceComponent} -  Mgt Console URL  : https://10.100.4.166:9443/admin/carbon/ {org.wso2.carbon.ui.internal.CarbonUIServiceComponent}
TID: [0] [] [2016-01-13 15:22:03,420]  INFO {org.wso2.carbon.core.init.CarbonServerManager} -  Shutdown hook triggered.... {org.wso2.carbon.core.init.CarbonServerManager}
TID: [0] [] [2016-01-13 15:22:03,424]  INFO {org.wso2.carbon.core.init.CarbonServerManager} -  Gracefully shutting down Jaggery Runtime... {org.wso2.carbon.core.init.CarbonServerManager}
TID: [0] [] [2016-01-13 15:22:03,427]  INFO {org.wso2.carbon.core.ServerManagement} -  Starting to switch to maintenance mode... {org.wso2.carbon.core.ServerManagement}
TID: [0] [] [2016-01-13 15:22:05,630]  INFO {org.wso2.carbon.core.ServerManagement} -  Stopped all transport listeners {org.wso2.carbon.core.ServerManagement}
TID: [0] [] [2016-01-13 15:22:05,631]  INFO {org.wso2.carbon.core.ServerManagement} -  Waiting for request service completion... {org.wso2.carbon.core.ServerManagement}
TID: [0] [] [2016-01-13 15:22:05,635]  INFO {org.wso2.carbon.core.ServerManagement} -  All requests have been served. {org.wso2.carbon.core.ServerManagement}
TID: [0] [] [2016-01-13 15:22:05,635]  INFO {org.wso2.carbon.core.ServerManagement} -  Waiting for deployment completion... {org.wso2.carbon.core.ServerManagement}
TID: [0] [] [2016-01-13 15:22:05,650]  INFO {JAGGERY.destroy:js} -  Stopping sample Jaggery app {JAGGERY.destroy:js}
TID: [0] [] [2016-01-13 15:22:05,676]  INFO {org.wso2.carbon.webapp.mgt.WebApplication} -  Unloaded webapp: StandardEngine[Catalina].StandardHost[localhost].StandardContext[/sample] {org.wso2.carbon.webapp.mgt.WebApplication}
TID: [0] [] [2016-01-13 15:22:05,688]  INFO {org.wso2.carbon.webapp.mgt.WebApplication} -  Unloaded webapp: StandardEngine[Catalina].StandardHost[localhost].StandardContext[/coffeeshop] {org.wso2.carbon.webapp.mgt.WebApplication}
TID: [0] [] [2016-01-13 15:22:05,701]  INFO {org.wso2.carbon.webapp.mgt.WebApplication} -  Unloaded webapp: StandardEngine[Catalina].StandardHost[localhost].StandardContext[/taskmaster] {org.wso2.carbon.webapp.mgt.WebApplication}
TID: [0] [] [2016-01-13 15:22:05,719]  INFO {org.wso2.carbon.webapp.mgt.WebApplication} -  Unloaded webapp: StandardEngine[Catalina].StandardHost[localhost].StandardContext[/] {org.wso2.carbon.webapp.mgt.WebApplication}
TID: [0] [] [2016-01-13 15:22:05,733]  INFO {org.wso2.carbon.webapp.mgt.WebApplication} -  Unloaded webapp: StandardEngine[Catalina].StandardHost[localhost].StandardContext[/helloapp] {org.wso2.carbon.webapp.mgt.WebApplication}
TID: [0] [] [2016-01-13 15:22:05,743]  INFO {org.wso2.carbon.webapp.mgt.WebApplication} -  Unloaded webapp: StandardEngine[Catalina].StandardHost[localhost].StandardContext[/shout] {org.wso2.carbon.webapp.mgt.WebApplication}
TID: [0] [] [2016-01-13 15:22:05,753]  INFO {org.wso2.carbon.webapp.mgt.WebApplication} -  Unloaded webapp: StandardEngine[Catalina].StandardHost[localhost].StandardContext[/freshometer] {org.wso2.carbon.webapp.mgt.WebApplication}
TID: [0] [] [2016-01-13 15:22:05,769]  INFO {org.wso2.carbon.webapp.mgt.WebApplication} -  Unloaded webapp: StandardEngine[Catalina].StandardHost[localhost].StandardContext[/swagger] {org.wso2.carbon.webapp.mgt.WebApplication}
TID: [0] [] [2016-01-13 15:22:05,770]  INFO {org.wso2.carbon.core.ServerManagement} -  All deployment tasks have been completed. {org.wso2.carbon.core.ServerManagement}
TID: [0] [] [2016-01-13 15:22:05,770]  INFO {org.wso2.carbon.core.ServerManagement} -  Waiting for server task completion... {org.wso2.carbon.core.ServerManagement}
TID: [0] [] [2016-01-13 15:22:05,770]  INFO {org.wso2.carbon.core.ServerManagement} -  All server tasks have been completed. {org.wso2.carbon.core.ServerManagement}
TID: [0] [] [2016-01-13 15:22:05,771]  INFO {org.wso2.carbon.core.init.CarbonServerManager} -  Shutting down Jaggery Runtime... {org.wso2.carbon.core.init.CarbonServerManager}
TID: [0] [] [2016-01-13 15:22:05,772]  INFO {org.apache.axis2.transport.tcp.TCPTransportSender} -  TCP Sender Shutdown {org.apache.axis2.transport.tcp.TCPTransportSender}
TID: [0] [] [2016-01-13 15:22:05,772]  INFO {org.apache.axis2.transport.tcp.TCPTransportSender} -  TCP Sender Shutdown {org.apache.axis2.transport.tcp.TCPTransportSender}
TID: [0] [] [2016-01-13 15:22:05,774]  INFO {org.wso2.carbon.core.init.CarbonServerManager} -  Shutting down OSGi framework... {org.wso2.carbon.core.init.CarbonServerManager}
TID: [0] [] [2016-01-13 15:22:05,820]  INFO {org.wso2.carbon.core.init.CarbonServerManager} -  Stopping CarbonServerManager... {org.wso2.carbon.core.init.CarbonServerManager}
TID: [0] [] [2016-01-13 15:22:05,830]  INFO {org.wso2.carbon.tomcat.ext.internal.CarbonTomcatServiceComponent} -  Stopping the carbon web-app registered under : /admin {org.wso2.carbon.tomcat.ext.internal.CarbonTomcatServiceComponent}
TID: [0] [] [2016-01-13 15:22:06,672]  INFO {org.wso2.carbon.core.init.CarbonServerManager} -  Shutdown complete {org.wso2.carbon.core.init.CarbonServerManager}
TID: [0] [] [2016-01-13 15:22:06,672]  INFO {org.wso2.carbon.core.init.CarbonServerManager} -  Halting JVM {org.wso2.carbon.core.init.CarbonServerManager}
TID: [0] [] [2016-01-13 15:27:58,366]  INFO {org.wso2.carbon.core.internal.CarbonCoreActivator} -  Starting WSO2 Carbon... {org.wso2.carbon.core.internal.CarbonCoreActivator}
TID: [0] [] [2016-01-13 15:27:58,369]  INFO {org.wso2.carbon.core.internal.CarbonCoreActivator} -  Operating System : Linux 3.13.0-74-generic, amd64 {org.wso2.carbon.core.internal.CarbonCoreActivator}
TID: [0] [] [2016-01-13 15:27:58,369]  INFO {org.wso2.carbon.core.internal.CarbonCoreActivator} -  Java Home        : /home/randika/Documents/WSO2_stuff/jdk1.7.0_79/jre {org.wso2.carbon.core.internal.CarbonCoreActivator}
TID: [0] [] [2016-01-13 15:27:58,369]  INFO {org.wso2.carbon.core.internal.CarbonCoreActivator} -  Java Version     : 1.7.0_79 {org.wso2.carbon.core.internal.CarbonCoreActivator}
TID: [0] [] [2016-01-13 15:27:58,369]  INFO {org.wso2.carbon.core.internal.CarbonCoreActivator} -  Java VM          : Java HotSpot(TM) 64-Bit Server VM 24.79-b02,Oracle Corporation {org.wso2.carbon.core.internal.CarbonCoreActivator}
TID: [0] [] [2016-01-13 15:27:58,369]  INFO {org.wso2.carbon.core.internal.CarbonCoreActivator} -  Carbon Home      : /home/randika/Documents/WSO2_stuff/jaggery-0.9.0-SNAPSHOT/carbon {org.wso2.carbon.core.internal.CarbonCoreActivator}
TID: [0] [] [2016-01-13 15:27:58,369]  INFO {org.wso2.carbon.core.internal.CarbonCoreActivator} -  Java Temp Dir    : /home/randika/Documents/WSO2_stuff/jaggery-0.9.0-SNAPSHOT/carbon/tmp {org.wso2.carbon.core.internal.CarbonCoreActivator}
TID: [0] [] [2016-01-13 15:27:58,370]  INFO {org.wso2.carbon.core.internal.CarbonCoreActivator} -  User             : randika, en-US, Asia/Colombo {org.wso2.carbon.core.internal.CarbonCoreActivator}
TID: [0] [] [2016-01-13 15:27:59,716]  INFO {org.wso2.carbon.registry.core.jdbc.EmbeddedRegistryService} -  Configured Registry in 50ms {org.wso2.carbon.registry.core.jdbc.EmbeddedRegistryService}
TID: [0] [] [2016-01-13 15:27:59,818]  INFO {org.wso2.carbon.registry.core.internal.RegistryCoreServiceComponent} -  Registry Mode    : READ-WRITE {org.wso2.carbon.registry.core.internal.RegistryCoreServiceComponent}
TID: [0] [] [2016-01-13 15:28:00,786]  INFO {org.apache.axis2.deployment.ClusterBuilder} -  Clustering has been disabled {org.apache.axis2.deployment.ClusterBuilder}
TID: [0] [] [2016-01-13 15:28:00,786]  INFO {org.apache.axis2.deployment.ClusterBuilder} -  Clustering has been disabled {org.apache.axis2.deployment.ClusterBuilder}
TID: [0] [] [2016-01-13 15:28:01,032]  INFO {org.wso2.carbon.core.CarbonAxisConfigurator} -  No modules directory was found under /home/randika/Documents/WSO2_stuff/jaggery-0.9.0-SNAPSHOT. {org.wso2.carbon.core.CarbonAxisConfigurator}
TID: [0] [] [2016-01-13 15:28:01,059]  INFO {org.apache.axis2.transport.tcp.TCPTransportSender} -  TCP Sender started {org.apache.axis2.transport.tcp.TCPTransportSender}
TID: [0] [] [2016-01-13 15:28:01,059]  INFO {org.apache.axis2.transport.tcp.TCPTransportSender} -  TCP Sender started {org.apache.axis2.transport.tcp.TCPTransportSender}
TID: [0] [] [2016-01-13 15:28:01,342]  INFO {org.jaggeryjs.jaggery.app.mgt.TomcatJaggeryWebappsDeployer} -  Deployed webapp: StandardEngine[Catalina].StandardHost[localhost].StandardContext[/coffeeshop].File[/home/randika/Documents/WSO2_stuff/jaggery-0.9.0-SNAPSHOT/apps/coffeeshop] {org.jaggeryjs.jaggery.app.mgt.TomcatJaggeryWebappsDeployer}
TID: [0] [] [2016-01-13 15:28:02,035]  INFO {JAGGERY.init:js} -  Initializing sample Jaggery app {JAGGERY.init:js}
TID: [0] [] [2016-01-13 15:28:02,036]  INFO {org.jaggeryjs.jaggery.app.mgt.TomcatJaggeryWebappsDeployer} -  Deployed webapp: StandardEngine[Catalina].StandardHost[localhost].StandardContext[/sample].File[/home/randika/Documents/WSO2_stuff/jaggery-0.9.0-SNAPSHOT/apps/sample] {org.jaggeryjs.jaggery.app.mgt.TomcatJaggeryWebappsDeployer}
TID: [0] [] [2016-01-13 15:28:02,061]  INFO {org.jaggeryjs.jaggery.app.mgt.TomcatJaggeryWebappsDeployer} -  Deployed webapp: StandardEngine[Catalina].StandardHost[localhost].StandardContext[/taskmaster].File[/home/randika/Documents/WSO2_stuff/jaggery-0.9.0-SNAPSHOT/apps/taskmaster] {org.jaggeryjs.jaggery.app.mgt.TomcatJaggeryWebappsDeployer}
TID: [0] [] [2016-01-13 15:28:02,085]  INFO {org.jaggeryjs.jaggery.app.mgt.TomcatJaggeryWebappsDeployer} -  Deployed webapp: StandardEngine[Catalina].StandardHost[localhost].StandardContext[/freshometer].File[/home/randika/Documents/WSO2_stuff/jaggery-0.9.0-SNAPSHOT/apps/freshometer] {org.jaggeryjs.jaggery.app.mgt.TomcatJaggeryWebappsDeployer}
TID: [0] [] [2016-01-13 15:28:02,109]  INFO {org.jaggeryjs.jaggery.app.mgt.TomcatJaggeryWebappsDeployer} -  Deployed webapp: StandardEngine[Catalina].StandardHost[localhost].StandardContext[/helloapp].File[/home/randika/Documents/WSO2_stuff/jaggery-0.9.0-SNAPSHOT/apps/helloapp] {org.jaggeryjs.jaggery.app.mgt.TomcatJaggeryWebappsDeployer}
TID: [0] [] [2016-01-13 15:28:02,135]  INFO {org.jaggeryjs.jaggery.app.mgt.TomcatJaggeryWebappsDeployer} -  Deployed webapp: StandardEngine[Catalina].StandardHost[localhost].StandardContext[/].File[/home/randika/Documents/WSO2_stuff/jaggery-0.9.0-SNAPSHOT/apps/ROOT] {org.jaggeryjs.jaggery.app.mgt.TomcatJaggeryWebappsDeployer}
TID: [0] [] [2016-01-13 15:28:02,163]  INFO {org.jaggeryjs.jaggery.app.mgt.TomcatJaggeryWebappsDeployer} -  Deployed webapp: StandardEngine[Catalina].StandardHost[localhost].StandardContext[/swagger].File[/home/randika/Documents/WSO2_stuff/jaggery-0.9.0-SNAPSHOT/apps/swagger] {org.jaggeryjs.jaggery.app.mgt.TomcatJaggeryWebappsDeployer}
TID: [0] [] [2016-01-13 15:28:02,185]  INFO {org.jaggeryjs.jaggery.app.mgt.TomcatJaggeryWebappsDeployer} -  Deployed webapp: StandardEngine[Catalina].StandardHost[localhost].StandardContext[/shout].File[/home/randika/Documents/WSO2_stuff/jaggery-0.9.0-SNAPSHOT/apps/shout] {org.jaggeryjs.jaggery.app.mgt.TomcatJaggeryWebappsDeployer}
TID: [0] [] [2016-01-13 15:28:02,365]  INFO {org.apache.axis2.deployment.ModuleDeployer} -  Deploying module: addressing-1.6.1-wso2v7 - file:/home/randika/Documents/WSO2_stuff/jaggery-0.9.0-SNAPSHOT/carbon/repository/deployment/client/modules/addressing-1.6.1-wso2v7.mar {org.apache.axis2.deployment.ModuleDeployer}
TID: [0] [] [2016-01-13 15:28:02,365]  INFO {org.apache.axis2.deployment.ModuleDeployer} -  Deploying module: addressing-1.6.1-wso2v7 - file:/home/randika/Documents/WSO2_stuff/jaggery-0.9.0-SNAPSHOT/carbon/repository/deployment/client/modules/addressing-1.6.1-wso2v7.mar {org.apache.axis2.deployment.ModuleDeployer}
TID: [0] [] [2016-01-13 15:28:02,368]  INFO {org.apache.axis2.transport.tcp.TCPTransportSender} -  TCP Sender started {org.apache.axis2.transport.tcp.TCPTransportSender}
TID: [0] [] [2016-01-13 15:28:02,368]  INFO {org.apache.axis2.transport.tcp.TCPTransportSender} -  TCP Sender started {org.apache.axis2.transport.tcp.TCPTransportSender}
TID: [0] [] [2016-01-13 15:28:03,306]  INFO {org.wso2.carbon.core.init.CarbonServerManager} -  Repository       : /home/randika/Documents/WSO2_stuff/jaggery-0.9.0-SNAPSHOT/ {org.wso2.carbon.core.init.CarbonServerManager}
TID: [0] [] [2016-01-13 15:28:03,334]  INFO {org.wso2.carbon.core.internal.permission.update.PermissionUpdater} -  Permission cache updated for tenant -1234 {org.wso2.carbon.core.internal.permission.update.PermissionUpdater}
TID: [0] [] [2016-01-13 15:28:03,372]  INFO {org.wso2.carbon.core.transports.http.HttpsTransportListener} -  HTTPS port       : 9443 {org.wso2.carbon.core.transports.http.HttpsTransportListener}
TID: [0] [] [2016-01-13 15:28:03,372]  INFO {org.wso2.carbon.core.transports.http.HttpTransportListener} -  HTTP port        : 9763 {org.wso2.carbon.core.transports.http.HttpTransportListener}
TID: [0] [] [2016-01-13 15:28:04,032]  INFO {org.wso2.carbon.core.init.JMXServerManager} -  JMX Service URL  : service:jmx:rmi://localhost:11111/jndi/rmi://localhost:9999/jmxrmi {org.wso2.carbon.core.init.JMXServerManager}
TID: [0] [] [2016-01-13 15:28:04,032]  INFO {org.wso2.carbon.core.internal.StartupFinalizerServiceComponent} -  Server           :  Jaggery Runtime-0.9.0-SNAPSHOT {org.wso2.carbon.core.internal.StartupFinalizerServiceComponent}
TID: [0] [] [2016-01-13 15:28:04,033]  INFO {org.wso2.carbon.core.internal.StartupFinalizerServiceComponent} -  WSO2 Carbon started in 8 sec {org.wso2.carbon.core.internal.StartupFinalizerServiceComponent}
TID: [0] [] [2016-01-13 15:28:04,317]  INFO {org.wso2.carbon.ui.internal.CarbonUIServiceComponent} -  Mgt Console URL  : https://10.100.4.166:9443/admin/carbon/ {org.wso2.carbon.ui.internal.CarbonUIServiceComponent}
TID: [0] [] [2016-01-13 15:32:01,313]  INFO {org.wso2.carbon.core.init.CarbonServerManager} -  Shutdown hook triggered.... {org.wso2.carbon.core.init.CarbonServerManager}
TID: [0] [] [2016-01-13 15:32:01,315]  INFO {org.wso2.carbon.core.init.CarbonServerManager} -  Gracefully shutting down Jaggery Runtime... {org.wso2.carbon.core.init.CarbonServerManager}
TID: [0] [] [2016-01-13 15:32:01,317]  INFO {org.wso2.carbon.core.ServerManagement} -  Starting to switch to maintenance mode... {org.wso2.carbon.core.ServerManagement}
TID: [0] [] [2016-01-13 15:32:03,575]  INFO {org.wso2.carbon.core.ServerManagement} -  Stopped all transport listeners {org.wso2.carbon.core.ServerManagement}
TID: [0] [] [2016-01-13 15:32:03,576]  INFO {org.wso2.carbon.core.ServerManagement} -  Waiting for request service completion... {org.wso2.carbon.core.ServerManagement}
TID: [0] [] [2016-01-13 15:32:03,578]  INFO {org.wso2.carbon.core.ServerManagement} -  All requests have been served. {org.wso2.carbon.core.ServerManagement}
TID: [0] [] [2016-01-13 15:32:03,578]  INFO {org.wso2.carbon.core.ServerManagement} -  Waiting for deployment completion... {org.wso2.carbon.core.ServerManagement}
TID: [0] [] [2016-01-13 15:32:03,594]  INFO {JAGGERY.destroy:js} -  Stopping sample Jaggery app {JAGGERY.destroy:js}
TID: [0] [] [2016-01-13 15:32:03,611]  INFO {org.wso2.carbon.webapp.mgt.WebApplication} -  Unloaded webapp: StandardEngine[Catalina].StandardHost[localhost].StandardContext[/sample] {org.wso2.carbon.webapp.mgt.WebApplication}
TID: [0] [] [2016-01-13 15:32:03,621]  INFO {org.wso2.carbon.webapp.mgt.WebApplication} -  Unloaded webapp: StandardEngine[Catalina].StandardHost[localhost].StandardContext[/coffeeshop] {org.wso2.carbon.webapp.mgt.WebApplication}
TID: [0] [] [2016-01-13 15:32:03,629]  INFO {org.wso2.carbon.webapp.mgt.WebApplication} -  Unloaded webapp: StandardEngine[Catalina].StandardHost[localhost].StandardContext[/taskmaster] {org.wso2.carbon.webapp.mgt.WebApplication}
TID: [0] [] [2016-01-13 15:32:03,638]  INFO {org.wso2.carbon.webapp.mgt.WebApplication} -  Unloaded webapp: StandardEngine[Catalina].StandardHost[localhost].StandardContext[/] {org.wso2.carbon.webapp.mgt.WebApplication}
TID: [0] [] [2016-01-13 15:32:03,646]  INFO {org.wso2.carbon.webapp.mgt.WebApplication} -  Unloaded webapp: StandardEngine[Catalina].StandardHost[localhost].StandardContext[/helloapp] {org.wso2.carbon.webapp.mgt.WebApplication}
TID: [0] [] [2016-01-13 15:32:03,653]  INFO {org.wso2.carbon.webapp.mgt.WebApplication} -  Unloaded webapp: StandardEngine[Catalina].StandardHost[localhost].StandardContext[/shout] {org.wso2.carbon.webapp.mgt.WebApplication}
TID: [0] [] [2016-01-13 15:32:03,661]  INFO {org.wso2.carbon.webapp.mgt.WebApplication} -  Unloaded webapp: StandardEngine[Catalina].StandardHost[localhost].StandardContext[/freshometer] {org.wso2.carbon.webapp.mgt.WebApplication}
TID: [0] [] [2016-01-13 15:32:03,672]  INFO {org.wso2.carbon.webapp.mgt.WebApplication} -  Unloaded webapp: StandardEngine[Catalina].StandardHost[localhost].StandardContext[/swagger] {org.wso2.carbon.webapp.mgt.WebApplication}
TID: [0] [] [2016-01-13 15:32:03,672]  INFO {org.wso2.carbon.core.ServerManagement} -  All deployment tasks have been completed. {org.wso2.carbon.core.ServerManagement}
TID: [0] [] [2016-01-13 15:32:03,672]  INFO {org.wso2.carbon.core.ServerManagement} -  Waiting for server task completion... {org.wso2.carbon.core.ServerManagement}
TID: [0] [] [2016-01-13 15:32:03,673]  INFO {org.wso2.carbon.core.ServerManagement} -  All server tasks have been completed. {org.wso2.carbon.core.ServerManagement}
TID: [0] [] [2016-01-13 15:32:03,673]  INFO {org.wso2.carbon.core.init.CarbonServerManager} -  Shutting down Jaggery Runtime... {org.wso2.carbon.core.init.CarbonServerManager}
TID: [0] [] [2016-01-13 15:32:03,674]  INFO {org.apache.axis2.transport.tcp.TCPTransportSender} -  TCP Sender Shutdown {org.apache.axis2.transport.tcp.TCPTransportSender}
TID: [0] [] [2016-01-13 15:32:03,674]  INFO {org.apache.axis2.transport.tcp.TCPTransportSender} -  TCP Sender Shutdown {org.apache.axis2.transport.tcp.TCPTransportSender}
TID: [0] [] [2016-01-13 15:32:03,676]  INFO {org.wso2.carbon.core.init.CarbonServerManager} -  Shutting down OSGi framework... {org.wso2.carbon.core.init.CarbonServerManager}
TID: [0] [] [2016-01-13 15:32:03,729]  INFO {org.wso2.carbon.core.init.CarbonServerManager} -  Stopping CarbonServerManager... {org.wso2.carbon.core.init.CarbonServerManager}
TID: [0] [] [2016-01-13 15:32:03,738]  INFO {org.wso2.carbon.tomcat.ext.internal.CarbonTomcatServiceComponent} -  Stopping the carbon web-app registered under : /admin {org.wso2.carbon.tomcat.ext.internal.CarbonTomcatServiceComponent}
TID: [0] [] [2016-01-13 15:32:04,539]  INFO {org.wso2.carbon.core.init.CarbonServerManager} -  Shutdown complete {org.wso2.carbon.core.init.CarbonServerManager}
TID: [0] [] [2016-01-13 15:32:04,539]  INFO {org.wso2.carbon.core.init.CarbonServerManager} -  Halting JVM {org.wso2.carbon.core.init.CarbonServerManager}
TID: [0] [] [2016-01-13 16:59:53,563]  INFO {org.wso2.carbon.core.internal.CarbonCoreActivator} -  Starting WSO2 Carbon... {org.wso2.carbon.core.internal.CarbonCoreActivator}
TID: [0] [] [2016-01-13 16:59:53,566]  INFO {org.wso2.carbon.core.internal.CarbonCoreActivator} -  Operating System : Linux 3.13.0-74-generic, amd64 {org.wso2.carbon.core.internal.CarbonCoreActivator}
TID: [0] [] [2016-01-13 16:59:53,566]  INFO {org.wso2.carbon.core.internal.CarbonCoreActivator} -  Java Home        : /home/randika/Documents/WSO2_stuff/jdk1.7.0_79/jre {org.wso2.carbon.core.internal.CarbonCoreActivator}
TID: [0] [] [2016-01-13 16:59:53,566]  INFO {org.wso2.carbon.core.internal.CarbonCoreActivator} -  Java Version     : 1.7.0_79 {org.wso2.carbon.core.internal.CarbonCoreActivator}
TID: [0] [] [2016-01-13 16:59:53,566]  INFO {org.wso2.carbon.core.internal.CarbonCoreActivator} -  Java VM          : Java HotSpot(TM) 64-Bit Server VM 24.79-b02,Oracle Corporation {org.wso2.carbon.core.internal.CarbonCoreActivator}
TID: [0] [] [2016-01-13 16:59:53,566]  INFO {org.wso2.carbon.core.internal.CarbonCoreActivator} -  Carbon Home      : /home/randika/Documents/WSO2_stuff/jaggery-0.9.0-SNAPSHOT/carbon {org.wso2.carbon.core.internal.CarbonCoreActivator}
TID: [0] [] [2016-01-13 16:59:53,567]  INFO {org.wso2.carbon.core.internal.CarbonCoreActivator} -  Java Temp Dir    : /home/randika/Documents/WSO2_stuff/jaggery-0.9.0-SNAPSHOT/carbon/tmp {org.wso2.carbon.core.internal.CarbonCoreActivator}
TID: [0] [] [2016-01-13 16:59:53,567]  INFO {org.wso2.carbon.core.internal.CarbonCoreActivator} -  User             : randika, en-US, Asia/Colombo {org.wso2.carbon.core.internal.CarbonCoreActivator}
TID: [0] [] [2016-01-13 16:59:55,259]  INFO {org.wso2.carbon.registry.core.jdbc.EmbeddedRegistryService} -  Configured Registry in 55ms {org.wso2.carbon.registry.core.jdbc.EmbeddedRegistryService}
TID: [0] [] [2016-01-13 16:59:55,367]  INFO {org.wso2.carbon.registry.core.internal.RegistryCoreServiceComponent} -  Registry Mode    : READ-WRITE {org.wso2.carbon.registry.core.internal.RegistryCoreServiceComponent}
TID: [0] [] [2016-01-13 16:59:56,434]  INFO {org.apache.axis2.deployment.ClusterBuilder} -  Clustering has been disabled {org.apache.axis2.deployment.ClusterBuilder}
TID: [0] [] [2016-01-13 16:59:56,434]  INFO {org.apache.axis2.deployment.ClusterBuilder} -  Clustering has been disabled {org.apache.axis2.deployment.ClusterBuilder}
TID: [0] [] [2016-01-13 16:59:56,696]  INFO {org.wso2.carbon.core.CarbonAxisConfigurator} -  No modules directory was found under /home/randika/Documents/WSO2_stuff/jaggery-0.9.0-SNAPSHOT. {org.wso2.carbon.core.CarbonAxisConfigurator}
TID: [0] [] [2016-01-13 16:59:56,730]  INFO {org.apache.axis2.transport.tcp.TCPTransportSender} -  TCP Sender started {org.apache.axis2.transport.tcp.TCPTransportSender}
TID: [0] [] [2016-01-13 16:59:56,730]  INFO {org.apache.axis2.transport.tcp.TCPTransportSender} -  TCP Sender started {org.apache.axis2.transport.tcp.TCPTransportSender}
TID: [0] [] [2016-01-13 16:59:57,105]  INFO {org.jaggeryjs.jaggery.app.mgt.TomcatJaggeryWebappsDeployer} -  Deployed webapp: StandardEngine[Catalina].StandardHost[localhost].StandardContext[/coffeeshop].File[/home/randika/Documents/WSO2_stuff/jaggery-0.9.0-SNAPSHOT/apps/coffeeshop] {org.jaggeryjs.jaggery.app.mgt.TomcatJaggeryWebappsDeployer}
TID: [0] [] [2016-01-13 16:59:57,775]  INFO {JAGGERY.init:js} -  Initializing sample Jaggery app {JAGGERY.init:js}
TID: [0] [] [2016-01-13 16:59:57,776]  INFO {org.jaggeryjs.jaggery.app.mgt.TomcatJaggeryWebappsDeployer} -  Deployed webapp: StandardEngine[Catalina].StandardHost[localhost].StandardContext[/sample].File[/home/randika/Documents/WSO2_stuff/jaggery-0.9.0-SNAPSHOT/apps/sample] {org.jaggeryjs.jaggery.app.mgt.TomcatJaggeryWebappsDeployer}
TID: [0] [] [2016-01-13 16:59:57,798]  INFO {org.jaggeryjs.jaggery.app.mgt.TomcatJaggeryWebappsDeployer} -  Deployed webapp: StandardEngine[Catalina].StandardHost[localhost].StandardContext[/taskmaster].File[/home/randika/Documents/WSO2_stuff/jaggery-0.9.0-SNAPSHOT/apps/taskmaster] {org.jaggeryjs.jaggery.app.mgt.TomcatJaggeryWebappsDeployer}
TID: [0] [] [2016-01-13 16:59:57,819]  INFO {org.jaggeryjs.jaggery.app.mgt.TomcatJaggeryWebappsDeployer} -  Deployed webapp: StandardEngine[Catalina].StandardHost[localhost].StandardContext[/freshometer].File[/home/randika/Documents/WSO2_stuff/jaggery-0.9.0-SNAPSHOT/apps/freshometer] {org.jaggeryjs.jaggery.app.mgt.TomcatJaggeryWebappsDeployer}
TID: [0] [] [2016-01-13 16:59:57,838]  INFO {org.jaggeryjs.jaggery.app.mgt.TomcatJaggeryWebappsDeployer} -  Deployed webapp: StandardEngine[Catalina].StandardHost[localhost].StandardContext[/helloapp].File[/home/randika/Documents/WSO2_stuff/jaggery-0.9.0-SNAPSHOT/apps/helloapp] {org.jaggeryjs.jaggery.app.mgt.TomcatJaggeryWebappsDeployer}
TID: [0] [] [2016-01-13 16:59:57,869]  INFO {org.jaggeryjs.jaggery.app.mgt.TomcatJaggeryWebappsDeployer} -  Deployed webapp: StandardEngine[Catalina].StandardHost[localhost].StandardContext[/].File[/home/randika/Documents/WSO2_stuff/jaggery-0.9.0-SNAPSHOT/apps/ROOT] {org.jaggeryjs.jaggery.app.mgt.TomcatJaggeryWebappsDeployer}
TID: [0] [] [2016-01-13 16:59:57,898]  INFO {org.jaggeryjs.jaggery.app.mgt.TomcatJaggeryWebappsDeployer} -  Deployed webapp: StandardEngine[Catalina].StandardHost[localhost].StandardContext[/swagger].File[/home/randika/Documents/WSO2_stuff/jaggery-0.9.0-SNAPSHOT/apps/swagger] {org.jaggeryjs.jaggery.app.mgt.TomcatJaggeryWebappsDeployer}
TID: [0] [] [2016-01-13 16:59:57,924]  INFO {org.jaggeryjs.jaggery.app.mgt.TomcatJaggeryWebappsDeployer} -  Deployed webapp: StandardEngine[Catalina].StandardHost[localhost].StandardContext[/shout].File[/home/randika/Documents/WSO2_stuff/jaggery-0.9.0-SNAPSHOT/apps/shout] {org.jaggeryjs.jaggery.app.mgt.TomcatJaggeryWebappsDeployer}
TID: [0] [] [2016-01-13 16:59:58,097]  INFO {org.apache.axis2.deployment.ModuleDeployer} -  Deploying module: addressing-1.6.1-wso2v7 - file:/home/randika/Documents/WSO2_stuff/jaggery-0.9.0-SNAPSHOT/carbon/repository/deployment/client/modules/addressing-1.6.1-wso2v7.mar {org.apache.axis2.deployment.ModuleDeployer}
TID: [0] [] [2016-01-13 16:59:58,097]  INFO {org.apache.axis2.deployment.ModuleDeployer} -  Deploying module: addressing-1.6.1-wso2v7 - file:/home/randika/Documents/WSO2_stuff/jaggery-0.9.0-SNAPSHOT/carbon/repository/deployment/client/modules/addressing-1.6.1-wso2v7.mar {org.apache.axis2.deployment.ModuleDeployer}
TID: [0] [] [2016-01-13 16:59:58,100]  INFO {org.apache.axis2.transport.tcp.TCPTransportSender} -  TCP Sender started {org.apache.axis2.transport.tcp.TCPTransportSender}
TID: [0] [] [2016-01-13 16:59:58,100]  INFO {org.apache.axis2.transport.tcp.TCPTransportSender} -  TCP Sender started {org.apache.axis2.transport.tcp.TCPTransportSender}
TID: [0] [] [2016-01-13 16:59:59,037]  INFO {org.wso2.carbon.core.init.CarbonServerManager} -  Repository       : /home/randika/Documents/WSO2_stuff/jaggery-0.9.0-SNAPSHOT/ {org.wso2.carbon.core.init.CarbonServerManager}
TID: [0] [] [2016-01-13 16:59:59,066]  INFO {org.wso2.carbon.core.internal.permission.update.PermissionUpdater} -  Permission cache updated for tenant -1234 {org.wso2.carbon.core.internal.permission.update.PermissionUpdater}
TID: [0] [] [2016-01-13 16:59:59,114]  INFO {org.wso2.carbon.core.transports.http.HttpsTransportListener} -  HTTPS port       : 9443 {org.wso2.carbon.core.transports.http.HttpsTransportListener}
TID: [0] [] [2016-01-13 16:59:59,114]  INFO {org.wso2.carbon.core.transports.http.HttpTransportListener} -  HTTP port        : 9763 {org.wso2.carbon.core.transports.http.HttpTransportListener}
TID: [0] [] [2016-01-13 16:59:59,798]  INFO {org.wso2.carbon.core.init.JMXServerManager} -  JMX Service URL  : service:jmx:rmi://localhost:11111/jndi/rmi://localhost:9999/jmxrmi {org.wso2.carbon.core.init.JMXServerManager}
TID: [0] [] [2016-01-13 16:59:59,799]  INFO {org.wso2.carbon.core.internal.StartupFinalizerServiceComponent} -  Server           :  Jaggery Runtime-0.9.0-SNAPSHOT {org.wso2.carbon.core.internal.StartupFinalizerServiceComponent}
TID: [0] [] [2016-01-13 16:59:59,800]  INFO {org.wso2.carbon.core.internal.StartupFinalizerServiceComponent} -  WSO2 Carbon started in 9 sec {org.wso2.carbon.core.internal.StartupFinalizerServiceComponent}
TID: [0] [] [2016-01-13 17:00:00,033]  INFO {org.wso2.carbon.ui.internal.CarbonUIServiceComponent} -  Mgt Console URL  : https://10.100.4.166:9443/admin/carbon/ {org.wso2.carbon.ui.internal.CarbonUIServiceComponent}
TID: [0] [] [2016-01-13 17:08:44,458]  INFO {org.wso2.carbon.core.init.CarbonServerManager} -  Shutdown hook triggered.... {org.wso2.carbon.core.init.CarbonServerManager}
TID: [0] [] [2016-01-13 17:08:44,459]  INFO {org.wso2.carbon.core.init.CarbonServerManager} -  Gracefully shutting down Jaggery Runtime... {org.wso2.carbon.core.init.CarbonServerManager}
TID: [0] [] [2016-01-13 17:08:44,460]  INFO {org.wso2.carbon.core.ServerManagement} -  Starting to switch to maintenance mode... {org.wso2.carbon.core.ServerManagement}
TID: [0] [] [2016-01-13 17:08:46,772]  INFO {org.wso2.carbon.core.ServerManagement} -  Stopped all transport listeners {org.wso2.carbon.core.ServerManagement}
TID: [0] [] [2016-01-13 17:08:46,773]  INFO {org.wso2.carbon.core.ServerManagement} -  Waiting for request service completion... {org.wso2.carbon.core.ServerManagement}
TID: [0] [] [2016-01-13 17:08:46,777]  INFO {org.wso2.carbon.core.ServerManagement} -  All requests have been served. {org.wso2.carbon.core.ServerManagement}
TID: [0] [] [2016-01-13 17:08:46,777]  INFO {org.wso2.carbon.core.ServerManagement} -  Waiting for deployment completion... {org.wso2.carbon.core.ServerManagement}
TID: [0] [] [2016-01-13 17:08:46,793]  INFO {JAGGERY.destroy:js} -  Stopping sample Jaggery app {JAGGERY.destroy:js}
TID: [0] [] [2016-01-13 17:08:46,808]  INFO {org.wso2.carbon.webapp.mgt.WebApplication} -  Unloaded webapp: StandardEngine[Catalina].StandardHost[localhost].StandardContext[/sample] {org.wso2.carbon.webapp.mgt.WebApplication}
TID: [0] [] [2016-01-13 17:08:46,817]  INFO {org.wso2.carbon.webapp.mgt.WebApplication} -  Unloaded webapp: StandardEngine[Catalina].StandardHost[localhost].StandardContext[/coffeeshop] {org.wso2.carbon.webapp.mgt.WebApplication}
TID: [0] [] [2016-01-13 17:08:46,825]  INFO {org.wso2.carbon.webapp.mgt.WebApplication} -  Unloaded webapp: StandardEngine[Catalina].StandardHost[localhost].StandardContext[/taskmaster] {org.wso2.carbon.webapp.mgt.WebApplication}
TID: [0] [] [2016-01-13 17:08:46,833]  INFO {org.wso2.carbon.webapp.mgt.WebApplication} -  Unloaded webapp: StandardEngine[Catalina].StandardHost[localhost].StandardContext[/] {org.wso2.carbon.webapp.mgt.WebApplication}
TID: [0] [] [2016-01-13 17:08:46,842]  INFO {org.wso2.carbon.webapp.mgt.WebApplication} -  Unloaded webapp: StandardEngine[Catalina].StandardHost[localhost].StandardContext[/helloapp] {org.wso2.carbon.webapp.mgt.WebApplication}
TID: [0] [] [2016-01-13 17:08:46,851]  INFO {org.wso2.carbon.webapp.mgt.WebApplication} -  Unloaded webapp: StandardEngine[Catalina].StandardHost[localhost].StandardContext[/shout] {org.wso2.carbon.webapp.mgt.WebApplication}
TID: [0] [] [2016-01-13 17:08:46,857]  INFO {org.wso2.carbon.webapp.mgt.WebApplication} -  Unloaded webapp: StandardEngine[Catalina].StandardHost[localhost].StandardContext[/freshometer] {org.wso2.carbon.webapp.mgt.WebApplication}
TID: [0] [] [2016-01-13 17:08:46,867]  INFO {org.wso2.carbon.webapp.mgt.WebApplication} -  Unloaded webapp: StandardEngine[Catalina].StandardHost[localhost].StandardContext[/swagger] {org.wso2.carbon.webapp.mgt.WebApplication}
TID: [0] [] [2016-01-13 17:08:46,867]  INFO {org.wso2.carbon.core.ServerManagement} -  All deployment tasks have been completed. {org.wso2.carbon.core.ServerManagement}
TID: [0] [] [2016-01-13 17:08:46,867]  INFO {org.wso2.carbon.core.ServerManagement} -  Waiting for server task completion... {org.wso2.carbon.core.ServerManagement}
TID: [0] [] [2016-01-13 17:08:46,868]  INFO {org.wso2.carbon.core.ServerManagement} -  All server tasks have been completed. {org.wso2.carbon.core.ServerManagement}
TID: [0] [] [2016-01-13 17:08:46,868]  INFO {org.wso2.carbon.core.init.CarbonServerManager} -  Shutting down Jaggery Runtime... {org.wso2.carbon.core.init.CarbonServerManager}
TID: [0] [] [2016-01-13 17:08:46,869]  INFO {org.apache.axis2.transport.tcp.TCPTransportSender} -  TCP Sender Shutdown {org.apache.axis2.transport.tcp.TCPTransportSender}
TID: [0] [] [2016-01-13 17:08:46,869]  INFO {org.apache.axis2.transport.tcp.TCPTransportSender} -  TCP Sender Shutdown {org.apache.axis2.transport.tcp.TCPTransportSender}
TID: [0] [] [2016-01-13 17:08:46,871]  INFO {org.wso2.carbon.core.init.CarbonServerManager} -  Shutting down OSGi framework... {org.wso2.carbon.core.init.CarbonServerManager}
TID: [0] [] [2016-01-13 17:08:46,909]  INFO {org.wso2.carbon.core.init.CarbonServerManager} -  Stopping CarbonServerManager... {org.wso2.carbon.core.init.CarbonServerManager}
TID: [0] [] [2016-01-13 17:08:46,918]  INFO {org.wso2.carbon.tomcat.ext.internal.CarbonTomcatServiceComponent} -  Stopping the carbon web-app registered under : /admin {org.wso2.carbon.tomcat.ext.internal.CarbonTomcatServiceComponent}
TID: [0] [] [2016-01-13 17:08:47,710]  INFO {org.wso2.carbon.core.init.CarbonServerManager} -  Shutdown complete {org.wso2.carbon.core.init.CarbonServerManager}
TID: [0] [] [2016-01-13 17:08:47,710]  INFO {org.wso2.carbon.core.init.CarbonServerManager} -  Halting JVM {org.wso2.carbon.core.init.CarbonServerManager}
